
   INFO  Server running on [http://0.0.0.0:8081].  

  Press Ctrl+C to stop the server

  2026-06-19 17:16:01 /api/v1/agent/resolver/config .............. ~ 502.86ms
  2026-06-19 17:16:01 /api/v1/agent/nodes/heartbeat .............. ~ 503.22ms
  2026-06-19 17:16:06 /api/v1/internal/geodns/health-view .......... ~ 0.22ms
  2026-06-19 17:16:06 /api/v1/agent/resolver/config ................ ~ 0.01ms
  2026-06-19 17:16:06 /api/v1/agent/nodes/heartbeat ................ ~ 0.08ms
  2026-06-19 17:16:11 /api/v1/agent/resolver/config ................ ~ 0.09ms
  2026-06-19 17:16:11 /api/v1/agent/nodes/heartbeat ................ ~ 0.32ms
  2026-06-19 17:16:16 /api/v1/agent/resolver/config ................ ~ 1.31ms
  2026-06-19 17:16:16 /api/v1/agent/nodes/heartbeat ................ ~ 1.49ms
  2026-06-19 17:16:21 /api/v1/internal/geodns/health-view .......... ~ 0.05ms
  2026-06-19 17:16:21 /api/v1/agent/resolver/config ................ ~ 0.06ms
  2026-06-19 17:16:21 /api/v1/agent/nodes/heartbeat ................ ~ 0.16ms
  2026-06-19 17:16:26 /api/v1/agent/resolver/config ................ ~ 0.34ms
  2026-06-19 17:16:26 /api/v1/agent/nodes/heartbeat ................ ~ 0.51ms
  2026-06-19 17:16:31 /api/v1/agent/resolver/config ................ ~ 0.76ms
  2026-06-19 17:16:31 /api/v1/agent/nodes/heartbeat ................ ~ 0.98ms
  2026-06-19 17:16:36 /api/v1/internal/geodns/health-view .......... ~ 0.79ms
  2026-06-19 17:16:36 /api/v1/agent/resolver/config ................ ~ 0.11ms
  2026-06-19 17:16:36 /api/v1/agent/nodes/heartbeat ................ ~ 0.45ms
  2026-06-19 17:16:41 /api/v1/agent/resolver/config ................ ~ 0.24ms
  2026-06-19 17:16:41 /api/v1/agent/nodes/heartbeat ................ ~ 0.58ms
  2026-06-19 17:16:43 /api/v1/auth/login ........................... ~ 0.10ms
  2026-06-19 17:16:46 /api/v1/agent/nodes/heartbeat ................ ~ 0.06ms
  2026-06-19 17:16:46 /api/v1/agent/resolver/config ................ ~ 0.16ms
  2026-06-19 17:16:48 /api/v1/auth/login ........................... ~ 0.24ms
  2026-06-19 17:16:51 /api/v1/internal/geodns/health-view .......... ~ 0.08ms
  2026-06-19 17:16:51 /api/v1/agent/nodes/heartbeat ................ ~ 0.11ms
  2026-06-19 17:16:51 /api/v1/agent/resolver/config ................ ~ 0.34ms
  2026-06-19 17:16:56 /api/v1/agent/resolver/config ................ ~ 1.81ms
  2026-06-19 17:16:56 /api/v1/agent/nodes/heartbeat ................ ~ 2.02ms
  2026-06-19 17:17:01 /api/v1/agent/nodes/heartbeat ................ ~ 0.11ms
  2026-06-19 17:17:01 /api/v1/agent/resolver/config ................ ~ 0.27ms
  2026-06-19 17:17:06 /api/v1/internal/geodns/health-view .......... ~ 0.12ms
  2026-06-19 17:17:06 /api/v1/agent/resolver/config .............. ~ 504.25ms
  2026-06-19 17:17:06 /api/v1/agent/nodes/heartbeat .............. ~ 504.36ms
  2026-06-19 17:17:11 /api/v1/agent/nodes/heartbeat ................ ~ 0.06ms
  2026-06-19 17:17:11 /api/v1/agent/resolver/config .............. ~ 505.72ms
  2026-06-19 17:17:16 /api/v1/agent/resolver/config ................ ~ 0.24ms
  2026-06-19 17:17:16 /api/v1/agent/nodes/heartbeat ................ ~ 0.31ms
  2026-06-19 17:17:21 /api/v1/internal/geodns/health-view .......... ~ 0.05ms
  2026-06-19 17:17:21 /api/v1/agent/nodes/heartbeat ................ ~ 0.02ms
  2026-06-19 17:17:21 /api/v1/agent/resolver/config ................ ~ 0.08ms
  2026-06-19 17:17:26 /api/v1/agent/nodes/heartbeat ................ ~ 1.14ms
  2026-06-19 17:17:26 /api/v1/agent/resolver/config ................ ~ 1.24ms
  2026-06-19 17:17:31 /api/v1/agent/resolver/config ................ ~ 0.06ms
  2026-06-19 17:17:31 /api/v1/agent/nodes/heartbeat ................ ~ 0.15ms
  2026-06-19 17:17:36 /api/v1/internal/geodns/health-view .......... ~ 0.28ms
  2026-06-19 17:17:36 /api/v1/agent/resolver/config ................ ~ 0.10ms
  2026-06-19 17:17:36 /api/v1/agent/nodes/heartbeat ................ ~ 0.35ms
  2026-06-19 17:17:39 /api/v1/auth/login ......................... ~ 501.06ms
  2026-06-19 17:17:39 /api/v1/user/me .............................. ~ 0.01ms
  2026-06-19 17:17:41 /api/v1/agent/resolver/config ................ ~ 0.09ms
  2026-06-19 17:17:41 /api/v1/agent/nodes/heartbeat ................ ~ 0.31ms
  2026-06-19 17:17:46 /api/v1/agent/resolver/config ................ ~ 0.39ms
  2026-06-19 17:17:46 /api/v1/agent/nodes/heartbeat ................ ~ 0.91ms
  2026-06-19 17:17:51 /api/v1/internal/geodns/health-view .......... ~ 0.07ms
  2026-06-19 17:17:51 /api/v1/agent/resolver/config ................ ~ 0.09ms
  2026-06-19 17:17:51 /api/v1/agent/nodes/heartbeat ................ ~ 0.28ms
  2026-06-19 17:17:56 /api/v1/agent/resolver/config ................ ~ 0.17ms
  2026-06-19 17:17:56 /api/v1/agent/nodes/heartbeat ................ ~ 0.36ms
  2026-06-19 17:18:01 /api/v1/agent/nodes/heartbeat ................ ~ 0.10ms
  2026-06-19 17:18:01 /api/v1/agent/resolver/config ................ ~ 0.28ms
  2026-06-19 17:18:06 /api/v1/internal/geodns/health-view .......... ~ 0.93ms
  2026-06-19 17:18:06 /api/v1/agent/resolver/config ................ ~ 0.06ms
  2026-06-19 17:18:06 /api/v1/agent/nodes/heartbeat ................ ~ 0.18ms
  2026-06-19 17:18:11 /api/v1/agent/nodes/heartbeat ................ ~ 0.22ms
  2026-06-19 17:18:11 /api/v1/agent/resolver/config ................ ~ 0.47ms
  2026-06-19 17:18:16 /api/v1/agent/resolver/config .............. ~ 504.98ms
  2026-06-19 17:18:16 /api/v1/agent/nodes/heartbeat .............. ~ 505.22ms
  2026-06-19 17:18:21 /api/v1/internal/geodns/health-view .......... ~ 0.21ms
  2026-06-19 17:18:21 /api/v1/agent/nodes/heartbeat ................ ~ 0.01ms
  2026-06-19 17:18:21 /api/v1/agent/resolver/config .............. ~ 502.93ms
  2026-06-19 17:18:26 /api/v1/agent/resolver/config ................ ~ 0.59ms
  2026-06-19 17:18:26 /api/v1/agent/nodes/heartbeat .............. ~ 504.23ms
  2026-06-19 17:18:31 /api/v1/agent/nodes/heartbeat ................ ~ 0.07ms
  2026-06-19 17:18:31 /api/v1/agent/resolver/config ................ ~ 0.15ms
  2026-06-19 17:18:36 /api/v1/internal/geodns/health-view .......... ~ 0.36ms
  2026-06-19 17:18:36 /api/v1/agent/resolver/config ................ ~ 0.01ms
  2026-06-19 17:18:36 /api/v1/agent/nodes/heartbeat ................ ~ 0.09ms
  2026-06-19 17:18:41 /api/v1/agent/resolver/config ................ ~ 0.35ms
  2026-06-19 17:18:41 /api/v1/agent/nodes/heartbeat .............. ~ 503.59ms
  2026-06-19 17:18:46 /api/v1/agent/nodes/heartbeat ................ ~ 0.10ms
  2026-06-19 17:18:46 /api/v1/agent/resolver/config ................ ~ 0.30ms
  2026-06-19 17:18:51 /api/v1/internal/geodns/health-view .......... ~ 0.26ms
  2026-06-19 17:18:51 /api/v1/agent/nodes/heartbeat ................ ~ 0.07ms
  2026-06-19 17:18:51 /api/v1/agent/resolver/config ................ ~ 0.15ms
  2026-06-19 17:18:56 /api/v1/agent/resolver/config ................ ~ 0.29ms
  2026-06-19 17:18:56 /api/v1/agent/nodes/heartbeat ................ ~ 0.02ms
  2026-06-19 17:19:01 /api/v1/agent/nodes/heartbeat ................ ~ 0.05ms
  2026-06-19 17:19:01 /api/v1/agent/resolver/config ................ ~ 0.13ms
  2026-06-19 17:19:06 /api/v1/internal/geodns/health-view .......... ~ 0.28ms
  2026-06-19 17:19:06 /api/v1/agent/resolver/config ................ ~ 0.09ms
  2026-06-19 17:19:06 /api/v1/agent/nodes/heartbeat ................ ~ 0.30ms
  2026-06-19 17:19:11 /api/v1/agent/resolver/config ................ ~ 0.17ms
  2026-06-19 17:19:11 /api/v1/agent/nodes/heartbeat ................ ~ 0.28ms
  2026-06-19 17:19:16 /api/v1/agent/nodes/heartbeat ................ ~ 0.11ms
  2026-06-19 17:19:16 /api/v1/agent/resolver/config ................ ~ 0.37ms
  2026-06-19 17:19:21 /api/v1/internal/geodns/health-view .......... ~ 1.02ms
  2026-06-19 17:19:21 /api/v1/agent/nodes/heartbeat ................ ~ 0.07ms
  2026-06-19 17:19:21 /api/v1/agent/resolver/config ................ ~ 0.14ms
  2026-06-19 17:19:26 /api/v1/agent/nodes/heartbeat ................ ~ 0.12ms
  2026-06-19 17:19:26 /api/v1/agent/resolver/config ................ ~ 0.36ms
  2026-06-19 17:19:31 /api/v1/agent/resolver/config ................ ~ 0.40ms
  2026-06-19 17:19:31 /api/v1/agent/nodes/heartbeat ................ ~ 0.54ms
  2026-06-19 17:19:36 /api/v1/internal/geodns/health-view .......... ~ 0.05ms
  2026-06-19 17:19:36 /api/v1/agent/resolver/config .............. ~ 503.43ms
  2026-06-19 17:19:36 /api/v1/agent/nodes/heartbeat .............. ~ 503.52ms
  2026-06-19 17:19:41 /api/v1/agent/resolver/config .............. ~ 501.33ms
  2026-06-19 17:19:41 /api/v1/agent/nodes/heartbeat .............. ~ 501.47ms
  2026-06-19 17:19:46 /api/v1/agent/nodes/heartbeat ................ ~ 0.22ms
  2026-06-19 17:19:46 /api/v1/agent/resolver/config ................ ~ 0.01ms
  2026-06-19 17:19:51 /api/v1/internal/geodns/health-view ........ ~ 500.69ms
  2026-06-19 17:19:51 /api/v1/agent/nodes/heartbeat ................ ~ 0.02ms
  2026-06-19 17:19:51 /api/v1/agent/resolver/config ................ ~ 0.09ms
  2026-06-19 17:19:56 /api/v1/agent/resolver/config ................ ~ 0.06ms
  2026-06-19 17:19:56 /api/v1/agent/nodes/heartbeat ................ ~ 0.14ms
  2026-06-19 17:20:01 /api/v1/agent/resolver/config ................ ~ 0.48ms
  2026-06-19 17:20:01 /api/v1/agent/nodes/heartbeat ................ ~ 0.69ms
  2026-06-19 17:20:06 /api/v1/internal/geodns/health-view .......... ~ 0.04ms
  2026-06-19 17:20:06 /api/v1/agent/resolver/config ................ ~ 0.04ms
  2026-06-19 17:20:06 /api/v1/agent/nodes/heartbeat ................ ~ 0.12ms
  2026-06-19 17:20:11 /api/v1/agent/resolver/config ................ ~ 0.55ms
  2026-06-19 17:20:11 /api/v1/agent/nodes/heartbeat ................ ~ 0.86ms
  2026-06-19 17:20:16 /api/v1/agent/resolver/config ................ ~ 0.89ms
  2026-06-19 17:20:16 /api/v1/agent/nodes/heartbeat ................ ~ 0.01ms
  2026-06-19 17:20:21 /api/v1/internal/geodns/health-view .......... ~ 0.99ms
  2026-06-19 17:20:21 /api/v1/agent/resolver/config ................ ~ 0.13ms
  2026-06-19 17:20:21 /api/v1/agent/nodes/heartbeat ................ ~ 0.34ms
  2026-06-19 17:20:26 /api/v1/agent/resolver/config ................ ~ 0.10ms
  2026-06-19 17:20:26 /api/v1/agent/nodes/heartbeat ................ ~ 0.34ms
  2026-06-19 17:20:31 /api/v1/agent/nodes/heartbeat ................ ~ 0.52ms
  2026-06-19 17:20:31 /api/v1/agent/resolver/config ................ ~ 0.80ms
  2026-06-19 17:20:36 /api/v1/internal/geodns/health-view .......... ~ 0.09ms
  2026-06-19 17:20:36 /api/v1/agent/resolver/config ................ ~ 0.05ms
  2026-06-19 17:20:36 /api/v1/agent/nodes/heartbeat ................ ~ 0.14ms
  2026-06-19 17:20:41 /api/v1/agent/nodes/heartbeat ................ ~ 0.84ms
  2026-06-19 17:20:41 /api/v1/agent/resolver/config ................ ~ 0.98ms
  2026-06-19 17:20:46 /api/v1/agent/nodes/heartbeat .............. ~ 500.48ms
  2026-06-19 17:20:46 /api/v1/agent/resolver/config .............. ~ 501.06ms
  2026-06-19 17:20:51 /api/v1/internal/geodns/health-view .......... ~ 0.32ms
  2026-06-19 17:20:51 /api/v1/agent/resolver/config ................ ~ 0.01ms
  2026-06-19 17:20:51 /api/v1/agent/nodes/heartbeat .............. ~ 501.97ms
  2026-06-19 17:20:56 /api/v1/agent/nodes/heartbeat ................ ~ 0.11ms
  2026-06-19 17:20:56 /api/v1/agent/resolver/config .............. ~ 503.45ms
  2026-06-19 17:21:01 /api/v1/agent/resolver/config ................ ~ 0.05ms
  2026-06-19 17:21:01 /api/v1/agent/nodes/heartbeat ................ ~ 0.15ms
  2026-06-19 17:21:06 /api/v1/internal/geodns/health-view .......... ~ 0.71ms
  2026-06-19 17:21:06 /api/v1/agent/resolver/config ................ ~ 0.01ms
  2026-06-19 17:21:06 /api/v1/agent/nodes/heartbeat ................ ~ 0.08ms
  2026-06-19 17:21:11 /api/v1/agent/nodes/heartbeat ................ ~ 0.06ms
  2026-06-19 17:21:11 /api/v1/agent/resolver/config ................ ~ 0.14ms
  2026-06-19 17:21:16 /api/v1/agent/resolver/config ................ ~ 0.71ms
  2026-06-19 17:21:16 /api/v1/agent/nodes/heartbeat ................ ~ 0.79ms
  2026-06-19 17:21:21 /api/v1/internal/geodns/health-view .......... ~ 0.09ms
  2026-06-19 17:21:21 /api/v1/agent/nodes/heartbeat ................ ~ 0.91ms
  2026-06-19 17:21:21 /api/v1/agent/resolver/config ................ ~ 1.00ms
  2026-06-19 17:21:26 /api/v1/agent/nodes/heartbeat ................ ~ 0.51ms
  2026-06-19 17:21:26 /api/v1/agent/resolver/config ................ ~ 0.79ms
  2026-06-19 17:21:31 /api/v1/agent/nodes/heartbeat ................ ~ 0.11ms
  2026-06-19 17:21:31 /api/v1/agent/resolver/config ................ ~ 0.23ms
  2026-06-19 17:21:36 /api/v1/internal/geodns/health-view .......... ~ 0.23ms
  2026-06-19 17:21:36 /api/v1/agent/nodes/heartbeat ................ ~ 0.10ms
  2026-06-19 17:21:36 /api/v1/agent/resolver/config ................ ~ 0.29ms
  2026-06-19 17:21:41 /api/v1/agent/nodes/heartbeat ................ ~ 0.49ms
  2026-06-19 17:21:41 /api/v1/agent/resolver/config ................ ~ 1.14ms
  2026-06-19 17:21:46 /api/v1/agent/resolver/config ................ ~ 0.16ms
  2026-06-19 17:21:46 /api/v1/agent/nodes/heartbeat ................ ~ 0.51ms
  2026-06-19 17:21:51 /api/v1/internal/geodns/health-view .......... ~ 0.71ms
  2026-06-19 17:21:51 /api/v1/agent/resolver/config ................ ~ 0.33ms
  2026-06-19 17:21:51 /api/v1/agent/nodes/heartbeat ................ ~ 0.75ms
  2026-06-19 17:21:56 /api/v1/agent/resolver/config ................ ~ 0.43ms
  2026-06-19 17:21:56 /api/v1/agent/nodes/heartbeat ................ ~ 0.80ms
  2026-06-19 17:22:01 /api/v1/agent/resolver/config .............. ~ 501.41ms
  2026-06-19 17:22:01 /api/v1/agent/nodes/heartbeat .............. ~ 501.51ms
  2026-06-19 17:22:06 /api/v1/internal/geodns/health-view .......... ~ 0.68ms
  2026-06-19 17:22:06 /api/v1/agent/resolver/config ................ ~ 0.02ms
  2026-06-19 17:22:06 /api/v1/agent/nodes/heartbeat .............. ~ 505.33ms
  2026-06-19 17:22:11 /api/v1/agent/nodes/heartbeat ................ ~ 0.05ms
  2026-06-19 17:22:11 /api/v1/agent/resolver/config .............. ~ 502.15ms
  2026-06-19 17:22:16 /api/v1/agent/resolver/config ................ ~ 0.86ms
  2026-06-19 17:22:16 /api/v1/agent/nodes/heartbeat ................ ~ 1.01ms
  2026-06-19 17:22:21 /api/v1/internal/geodns/health-view ........ ~ 503.53ms
  2026-06-19 17:22:21 /api/v1/agent/resolver/config ................ ~ 0.02ms
  2026-06-19 17:22:21 /api/v1/agent/nodes/heartbeat ................ ~ 0.09ms
  2026-06-19 17:22:26 /api/v1/agent/resolver/config ................ ~ 0.44ms
  2026-06-19 17:22:26 /api/v1/agent/nodes/heartbeat ................ ~ 0.54ms
  2026-06-19 17:22:31 /api/v1/agent/nodes/heartbeat ................ ~ 0.11ms
  2026-06-19 17:22:31 /api/v1/agent/resolver/config ................ ~ 0.24ms
  2026-06-19 17:22:36 /api/v1/internal/geodns/health-view .......... ~ 0.09ms
  2026-06-19 17:22:36 /api/v1/agent/resolver/config ................ ~ 0.05ms
  2026-06-19 17:22:36 /api/v1/agent/nodes/heartbeat ................ ~ 0.12ms
  2026-06-19 17:22:41 /api/v1/agent/nodes/heartbeat ................ ~ 0.10ms
  2026-06-19 17:22:41 /api/v1/agent/resolver/config ................ ~ 0.30ms
  2026-06-19 17:22:46 /api/v1/agent/resolver/config ................ ~ 0.76ms
  2026-06-19 17:22:46 /api/v1/agent/nodes/heartbeat ................ ~ 0.89ms
  2026-06-19 17:22:51 /api/v1/internal/geodns/health-view .......... ~ 0.09ms
  2026-06-19 17:22:51 /api/v1/agent/nodes/heartbeat ................ ~ 0.09ms
  2026-06-19 17:22:51 /api/v1/agent/resolver/config ................ ~ 0.02ms
  2026-06-19 17:22:56 /api/v1/agent/resolver/config ................ ~ 0.21ms
  2026-06-19 17:22:56 /api/v1/agent/nodes/heartbeat ................ ~ 0.41ms
  2026-06-19 17:23:01 /api/v1/agent/resolver/config ................ ~ 0.15ms
  2026-06-19 17:23:01 /api/v1/agent/nodes/heartbeat ................ ~ 0.38ms
  2026-06-19 17:23:06 /api/v1/internal/geodns/health-view .......... ~ 0.32ms
  2026-06-19 17:23:06 /api/v1/agent/resolver/config ................ ~ 0.09ms
  2026-06-19 17:23:06 /api/v1/agent/nodes/heartbeat ................ ~ 0.02ms
  2026-06-19 17:23:11 /api/v1/agent/resolver/config .............. ~ 504.87ms
  2026-06-19 17:23:11 /api/v1/agent/nodes/heartbeat .............. ~ 505.18ms
  2026-06-19 17:23:16 /api/v1/agent/nodes/heartbeat .............. ~ 507.13ms
  2026-06-19 17:23:16 /api/v1/agent/resolver/config .............. ~ 507.58ms
  2026-06-19 17:23:21 /api/v1/internal/geodns/health-view .......... ~ 0.05ms
  2026-06-19 17:23:21 /api/v1/agent/resolver/config ................ ~ 0.01ms
  2026-06-19 17:23:21 /api/v1/agent/nodes/heartbeat .............. ~ 505.55ms
  2026-06-19 17:23:26 /api/v1/agent/nodes/heartbeat ................ ~ 0.29ms
  2026-06-19 17:23:26 /api/v1/agent/resolver/config ................ ~ 0.40ms
  2026-06-19 17:23:31 /api/v1/agent/resolver/config ................ ~ 0.07ms
  2026-06-19 17:23:31 /api/v1/agent/nodes/heartbeat ................ ~ 0.16ms
  2026-06-19 17:23:36 /api/v1/internal/geodns/health-view ........ ~ 501.21ms
  2026-06-19 17:23:36 /api/v1/agent/resolver/config ................ ~ 0.02ms
  2026-06-19 17:23:36 /api/v1/agent/nodes/heartbeat ................ ~ 0.08ms
  2026-06-19 17:23:41 /api/v1/agent/resolver/config ................ ~ 0.04ms
  2026-06-19 17:23:41 /api/v1/agent/nodes/heartbeat ................ ~ 0.12ms
  2026-06-19 17:23:46 /api/v1/agent/resolver/config ................ ~ 0.71ms
  2026-06-19 17:23:46 /api/v1/agent/nodes/heartbeat ................ ~ 0.82ms
  2026-06-19 17:23:51 /api/v1/internal/geodns/health-view .......... ~ 0.06ms
  2026-06-19 17:23:51 /api/v1/agent/nodes/heartbeat ................ ~ 0.11ms
  2026-06-19 17:23:51 /api/v1/agent/resolver/config ................ ~ 0.30ms
  2026-06-19 17:23:56 /api/v1/agent/nodes/heartbeat ................ ~ 0.68ms
  2026-06-19 17:23:56 /api/v1/agent/resolver/config ................ ~ 0.78ms
  2026-06-19 17:24:01 /api/v1/agent/resolver/config ................ ~ 0.08ms
  2026-06-19 17:24:01 /api/v1/agent/nodes/heartbeat ................ ~ 0.31ms
  2026-06-19 17:24:06 /api/v1/internal/geodns/health-view .......... ~ 1.03ms
  2026-06-19 17:24:06 /api/v1/agent/resolver/config ................ ~ 0.09ms
  2026-06-19 17:24:06 /api/v1/agent/nodes/heartbeat ................ ~ 0.26ms
  2026-06-19 17:24:11 /api/v1/agent/resolver/config ................ ~ 0.44ms
  2026-06-19 17:24:11 /api/v1/agent/nodes/heartbeat ................ ~ 0.77ms
  2026-06-19 17:24:16 /api/v1/agent/resolver/config ................ ~ 0.07ms
  2026-06-19 17:24:16 /api/v1/agent/nodes/heartbeat ................ ~ 0.19ms
  2026-06-19 17:24:21 /api/v1/internal/geodns/health-view .......... ~ 0.50ms
  2026-06-19 17:24:21 /api/v1/agent/resolver/config ................ ~ 0.09ms
  2026-06-19 17:24:21 /api/v1/agent/nodes/heartbeat ................ ~ 0.32ms
  2026-06-19 17:24:26 /api/v1/agent/resolver/config .............. ~ 505.10ms
  2026-06-19 17:24:26 /api/v1/agent/nodes/heartbeat .............. ~ 505.25ms
  2026-06-19 17:24:31 /api/v1/agent/resolver/config .............. ~ 506.03ms
  2026-06-19 17:24:31 /api/v1/agent/nodes/heartbeat ................ ~ 0.07ms
  2026-06-19 17:24:36 /api/v1/internal/geodns/health-view .......... ~ 0.05ms
  2026-06-19 17:24:36 /api/v1/agent/nodes/heartbeat ................ ~ 0.02ms
  2026-06-19 17:24:36 /api/v1/agent/resolver/config .............. ~ 505.50ms
  2026-06-19 17:24:41 /api/v1/agent/resolver/config .............. ~ 503.94ms
  2026-06-19 17:24:41 /api/v1/agent/nodes/heartbeat .............. ~ 504.22ms
  2026-06-19 17:24:46 /api/v1/agent/resolver/config .............. ~ 504.76ms
  2026-06-19 17:24:46 /api/v1/agent/nodes/heartbeat .............. ~ 505.01ms
  2026-06-19 17:24:51 /api/v1/internal/geodns/health-view ........ ~ 500.99ms
  2026-06-19 17:24:51 /api/v1/agent/resolver/config ................ ~ 0.02ms
  2026-06-19 17:24:51 /api/v1/agent/nodes/heartbeat ................ ~ 0.08ms
  2026-06-19 17:24:56 /api/v1/agent/resolver/config ................ ~ 0.06ms
  2026-06-19 17:24:56 /api/v1/agent/nodes/heartbeat ................ ~ 0.16ms
  2026-06-19 17:25:01 /api/v1/agent/nodes/heartbeat ................ ~ 0.62ms
  2026-06-19 17:25:01 /api/v1/agent/resolver/config ................ ~ 0.92ms
  2026-06-19 17:25:06 /api/v1/internal/geodns/health-view .......... ~ 0.06ms
  2026-06-19 17:25:06 /api/v1/agent/resolver/config ................ ~ 0.09ms
  2026-06-19 17:25:06 /api/v1/agent/nodes/heartbeat ................ ~ 0.36ms
  2026-06-19 17:25:11 /api/v1/agent/resolver/config ................ ~ 1.17ms
  2026-06-19 17:25:11 /api/v1/agent/nodes/heartbeat ................ ~ 1.49ms
  2026-06-19 17:25:16 /api/v1/agent/nodes/heartbeat ................ ~ 0.32ms
  2026-06-19 17:25:16 /api/v1/agent/resolver/config ................ ~ 0.92ms
  2026-06-19 17:25:21 /api/v1/internal/geodns/health-view .......... ~ 0.34ms
  2026-06-19 17:25:21 /api/v1/agent/nodes/heartbeat ................ ~ 0.11ms
  2026-06-19 17:25:21 /api/v1/agent/resolver/config ................ ~ 0.30ms
  2026-06-19 17:25:26 /api/v1/agent/resolver/config ................ ~ 0.14ms
  2026-06-19 17:25:26 /api/v1/agent/nodes/heartbeat ................ ~ 0.35ms
  2026-06-19 17:25:31 /api/v1/agent/resolver/config ................ ~ 0.22ms
  2026-06-19 17:25:31 /api/v1/agent/nodes/heartbeat ................ ~ 0.40ms
  2026-06-19 17:25:36 /api/v1/internal/geodns/health-view .......... ~ 0.13ms
  2026-06-19 17:25:36 /api/v1/agent/nodes/heartbeat ................ ~ 0.10ms
  2026-06-19 17:25:36 /api/v1/agent/resolver/config ................ ~ 0.27ms
  2026-06-19 17:25:41 /api/v1/agent/nodes/heartbeat .............. ~ 504.35ms
  2026-06-19 17:25:41 /api/v1/agent/resolver/config .............. ~ 504.66ms
  2026-06-19 17:25:46 /api/v1/agent/resolver/config ................ ~ 0.10ms
  2026-06-19 17:25:46 /api/v1/agent/nodes/heartbeat .............. ~ 505.15ms
  2026-06-19 17:25:51 /api/v1/internal/geodns/health-view .......... ~ 0.71ms
  2026-06-19 17:25:51 /api/v1/agent/resolver/config ................ ~ 0.02ms
  2026-06-19 17:25:51 /api/v1/agent/nodes/heartbeat .............. ~ 504.03ms
  2026-06-19 17:25:56 /api/v1/agent/resolver/config ................ ~ 0.80ms
  2026-06-19 17:25:56 /api/v1/agent/nodes/heartbeat ................ ~ 1.33ms
  2026-06-19 17:26:01 /api/v1/agent/resolver/config ................ ~ 0.30ms
  2026-06-19 17:26:01 /api/v1/agent/nodes/heartbeat ................ ~ 0.43ms
  2026-06-19 17:26:06 /api/v1/internal/geodns/health-view ........ ~ 505.18ms
  2026-06-19 17:26:06 /api/v1/agent/resolver/config ................ ~ 0.01ms
  2026-06-19 17:26:06 /api/v1/agent/nodes/heartbeat ................ ~ 0.08ms
  2026-06-19 17:26:11 /api/v1/agent/resolver/config ................ ~ 1.26ms
  2026-06-19 17:26:11 /api/v1/agent/nodes/heartbeat ................ ~ 1.37ms
  2026-06-19 17:26:16 /api/v1/agent/resolver/config ................ ~ 0.07ms
  2026-06-19 17:26:16 /api/v1/agent/nodes/heartbeat ................ ~ 0.15ms
  2026-06-19 17:26:21 /api/v1/internal/geodns/health-view .......... ~ 0.68ms
  2026-06-19 17:26:21 /api/v1/agent/nodes/heartbeat ................ ~ 0.09ms
  2026-06-19 17:26:21 /api/v1/agent/resolver/config ................ ~ 0.27ms
  2026-06-19 17:26:26 /api/v1/agent/resolver/config ................ ~ 0.30ms
  2026-06-19 17:26:26 /api/v1/agent/nodes/heartbeat ................ ~ 0.63ms
  2026-06-19 17:26:31 /api/v1/agent/nodes/heartbeat ................ ~ 1.04ms
  2026-06-19 17:26:31 /api/v1/agent/resolver/config ................ ~ 1.61ms
  2026-06-19 17:26:36 /api/v1/internal/geodns/health-view .......... ~ 0.10ms
  2026-06-19 17:26:36 /api/v1/agent/nodes/heartbeat ................ ~ 0.10ms
  2026-06-19 17:26:36 /api/v1/agent/resolver/config ................ ~ 0.27ms
  2026-06-19 17:26:41 /api/v1/agent/resolver/config ................ ~ 0.80ms
  2026-06-19 17:26:41 /api/v1/agent/nodes/heartbeat ................ ~ 1.03ms
  2026-06-19 17:26:46 /api/v1/agent/resolver/config ................ ~ 0.29ms
  2026-06-19 17:26:46 /api/v1/agent/nodes/heartbeat ................ ~ 0.64ms
  2026-06-19 17:26:51 /api/v1/internal/geodns/health-view .......... ~ 0.78ms
  2026-06-19 17:26:51 /api/v1/agent/nodes/heartbeat ................ ~ 0.09ms
  2026-06-19 17:26:51 /api/v1/agent/resolver/config ................ ~ 0.26ms
  2026-06-19 17:26:56 /api/v1/agent/resolver/config .............. ~ 502.79ms
  2026-06-19 17:26:56 /api/v1/agent/nodes/heartbeat .............. ~ 502.94ms
  2026-06-19 17:27:01 /api/v1/agent/nodes/heartbeat .............. ~ 507.88ms
  2026-06-19 17:27:01 /api/v1/agent/resolver/config .............. ~ 508.41ms
  2026-06-19 17:27:06 /api/v1/internal/geodns/health-view .......... ~ 0.70ms
  2026-06-19 17:27:06 /api/v1/agent/resolver/config ................ ~ 0.02ms
  2026-06-19 17:27:06 /api/v1/agent/nodes/heartbeat .............. ~ 503.14ms
  2026-06-19 17:27:11 /api/v1/agent/resolver/config ................ ~ 0.24ms
  2026-06-19 17:27:11 /api/v1/agent/nodes/heartbeat ................ ~ 0.42ms
  2026-06-19 17:27:16 /api/v1/agent/resolver/config ................ ~ 0.25ms
  2026-06-19 17:27:16 /api/v1/agent/nodes/heartbeat ................ ~ 0.36ms
  2026-06-19 17:27:21 /api/v1/internal/geodns/health-view ........ ~ 520.19ms
  2026-06-19 17:27:21 /api/v1/agent/resolver/config ................ ~ 0.04ms
  2026-06-19 17:27:21 /api/v1/agent/nodes/heartbeat ................ ~ 0.23ms
  2026-06-19 17:27:26 /api/v1/agent/resolver/config ................ ~ 0.71ms
  2026-06-19 17:27:26 /api/v1/agent/nodes/heartbeat ................ ~ 1.34ms
  2026-06-19 17:27:31 /api/v1/agent/resolver/config ................ ~ 0.25ms
  2026-06-19 17:27:31 /api/v1/agent/nodes/heartbeat ................ ~ 0.37ms
  2026-06-19 17:27:36 /api/v1/internal/geodns/health-view .......... ~ 0.41ms
  2026-06-19 17:27:36 /api/v1/agent/resolver/config ................ ~ 0.06ms
  2026-06-19 17:27:36 /api/v1/agent/nodes/heartbeat ................ ~ 0.16ms
  2026-06-19 17:27:41 /api/v1/agent/nodes/heartbeat ................ ~ 0.58ms
  2026-06-19 17:27:41 /api/v1/agent/resolver/config ................ ~ 0.77ms
  2026-06-19 17:27:46 /api/v1/agent/nodes/heartbeat ................ ~ 0.09ms
  2026-06-19 17:27:46 /api/v1/agent/resolver/config ................ ~ 0.19ms
  2026-06-19 17:27:51 /api/v1/internal/geodns/health-view .......... ~ 0.27ms
  2026-06-19 17:27:51 /api/v1/agent/nodes/heartbeat ................ ~ 0.99ms
  2026-06-19 17:27:51 /api/v1/agent/resolver/config ................ ~ 1.19ms
  2026-06-19 17:27:56 /api/v1/agent/resolver/config ................ ~ 0.23ms
  2026-06-19 17:27:56 /api/v1/agent/nodes/heartbeat ................ ~ 0.38ms
  2026-06-19 17:28:01 /api/v1/agent/resolver/config ................ ~ 1.52ms
  2026-06-19 17:28:01 /api/v1/agent/nodes/heartbeat ................ ~ 1.76ms
  2026-06-19 17:28:06 /api/v1/internal/geodns/health-view .......... ~ 0.11ms
  2026-06-19 17:28:06 /api/v1/agent/resolver/config ................ ~ 0.10ms
  2026-06-19 17:28:06 /api/v1/agent/nodes/heartbeat ................ ~ 0.34ms
  2026-06-19 17:28:11 /api/v1/agent/nodes/heartbeat .............. ~ 505.40ms
  2026-06-19 17:28:11 /api/v1/agent/resolver/config .............. ~ 505.76ms
  2026-06-19 17:28:16 /api/v1/agent/nodes/heartbeat ................ ~ 0.13ms
  2026-06-19 17:28:16 /api/v1/agent/resolver/config .............. ~ 504.75ms
  2026-06-19 17:28:21 /api/v1/internal/geodns/health-view .......... ~ 1.01ms
  2026-06-19 17:28:21 /api/v1/agent/nodes/heartbeat ................ ~ 0.02ms
  2026-06-19 17:28:21 /api/v1/agent/resolver/config .............. ~ 500.63ms
  2026-06-19 17:28:26 /api/v1/agent/nodes/heartbeat ................ ~ 1.08ms
  2026-06-19 17:28:26 /api/v1/agent/resolver/config ................ ~ 1.17ms
  2026-06-19 17:28:31 /api/v1/agent/resolver/config ................ ~ 0.41ms
  2026-06-19 17:28:31 /api/v1/agent/nodes/heartbeat ................ ~ 0.57ms
  2026-06-19 17:28:36 /api/v1/internal/geodns/health-view ........ ~ 500.45ms
  2026-06-19 17:28:36 /api/v1/agent/nodes/heartbeat ................ ~ 0.02ms
  2026-06-19 17:28:36 /api/v1/agent/resolver/config ................ ~ 0.08ms
  2026-06-19 17:28:41 /api/v1/agent/nodes/heartbeat ................ ~ 0.69ms
  2026-06-19 17:28:41 /api/v1/agent/resolver/config ................ ~ 0.79ms
  2026-06-19 17:28:46 /api/v1/agent/resolver/config ................ ~ 0.22ms
  2026-06-19 17:28:46 /api/v1/agent/nodes/heartbeat ................ ~ 0.04ms
  2026-06-19 17:28:51 /api/v1/internal/geodns/health-view .......... ~ 0.33ms
  2026-06-19 17:28:51 /api/v1/agent/resolver/config ................ ~ 0.10ms
  2026-06-19 17:28:51 /api/v1/agent/nodes/heartbeat ................ ~ 0.29ms
  2026-06-19 17:28:56 /api/v1/agent/resolver/config ................ ~ 0.20ms
  2026-06-19 17:28:56 /api/v1/agent/nodes/heartbeat ................ ~ 0.45ms
  2026-06-19 17:29:01 /api/v1/agent/resolver/config ................ ~ 1.35ms
  2026-06-19 17:29:01 /api/v1/agent/nodes/heartbeat ................ ~ 1.68ms
  2026-06-19 17:29:06 /api/v1/internal/geodns/health-view .......... ~ 0.63ms
  2026-06-19 17:29:06 /api/v1/agent/resolver/config ................ ~ 0.09ms
  2026-06-19 17:29:06 /api/v1/agent/nodes/heartbeat ................ ~ 0.27ms
  2026-06-19 17:29:11 /api/v1/agent/nodes/heartbeat ................ ~ 0.57ms
  2026-06-19 17:29:11 /api/v1/agent/resolver/config ................ ~ 1.03ms
  2026-06-19 17:29:16 /api/v1/agent/resolver/config ................ ~ 0.32ms
  2026-06-19 17:29:16 /api/v1/agent/nodes/heartbeat ................ ~ 0.79ms
  2026-06-19 17:29:21 /api/v1/internal/geodns/health-view .......... ~ 0.26ms
  2026-06-19 17:29:21 /api/v1/agent/resolver/config .............. ~ 501.65ms
  2026-06-19 17:29:21 /api/v1/agent/nodes/heartbeat .............. ~ 501.73ms
  2026-06-19 17:29:26 /api/v1/agent/nodes/heartbeat .............. ~ 501.23ms
  2026-06-19 17:29:26 /api/v1/agent/resolver/config .............. ~ 501.42ms
  2026-06-19 17:29:31 /api/v1/agent/nodes/heartbeat ................ ~ 0.84ms
  2026-06-19 17:29:31 /api/v1/agent/resolver/config .............. ~ 501.26ms
  2026-06-19 17:29:36 /api/v1/internal/geodns/health-view .......... ~ 0.07ms
  2026-06-19 17:29:36 /api/v1/agent/nodes/heartbeat ................ ~ 0.02ms
  2026-06-19 17:29:36 /api/v1/agent/resolver/config .............. ~ 500.54ms
  2026-06-19 17:29:41 /api/v1/agent/resolver/config ................ ~ 0.74ms
  2026-06-19 17:29:41 /api/v1/agent/nodes/heartbeat ................ ~ 0.85ms
  2026-06-19 17:29:46 /api/v1/agent/resolver/config ................ ~ 0.68ms
  2026-06-19 17:29:46 /api/v1/agent/nodes/heartbeat ................ ~ 0.78ms
  2026-06-19 17:29:51 /api/v1/internal/geodns/health-view ........ ~ 504.01ms
  2026-06-19 17:29:51 /api/v1/agent/resolver/config ................ ~ 0.04ms
  2026-06-19 17:29:51 /api/v1/agent/nodes/heartbeat .............. ~ 501.52ms
  2026-06-19 17:29:56 /api/v1/agent/resolver/config ................ ~ 0.35ms
  2026-06-19 17:29:56 /api/v1/agent/nodes/heartbeat ................ ~ 0.46ms
  2026-06-19 17:30:01 /api/v1/agent/nodes/heartbeat ................ ~ 0.05ms
  2026-06-19 17:30:01 /api/v1/agent/resolver/config ................ ~ 0.13ms
  2026-06-19 17:30:06 /api/v1/internal/geodns/health-view .......... ~ 0.65ms
  2026-06-19 17:30:06 /api/v1/agent/nodes/heartbeat ................ ~ 0.04ms
  2026-06-19 17:30:06 /api/v1/agent/resolver/config ................ ~ 0.13ms
  2026-06-19 17:30:11 /api/v1/agent/nodes/heartbeat ................ ~ 0.19ms
  2026-06-19 17:30:11 /api/v1/agent/resolver/config ................ ~ 0.75ms
  2026-06-19 17:30:16 /api/v1/agent/resolver/config ................ ~ 0.77ms
  2026-06-19 17:30:16 /api/v1/agent/nodes/heartbeat ................ ~ 0.98ms
  2026-06-19 17:30:21 /api/v1/internal/geodns/health-view .......... ~ 0.11ms
  2026-06-19 17:30:21 /api/v1/agent/resolver/config ................ ~ 0.14ms
  2026-06-19 17:30:21 /api/v1/agent/nodes/heartbeat ................ ~ 0.33ms
  2026-06-19 17:30:26 /api/v1/agent/resolver/config ................ ~ 1.57ms
  2026-06-19 17:30:26 /api/v1/agent/nodes/heartbeat ................ ~ 3.43ms
  2026-06-19 17:30:31 /api/v1/agent/resolver/config ................ ~ 0.24ms
  2026-06-19 17:30:31 /api/v1/agent/nodes/heartbeat ................ ~ 0.48ms
  2026-06-19 17:30:36 /api/v1/internal/geodns/health-view .......... ~ 0.12ms
  2026-06-19 17:30:36 /api/v1/agent/nodes/heartbeat ................ ~ 0.12ms
  2026-06-19 17:30:36 /api/v1/agent/resolver/config ................ ~ 0.32ms
  2026-06-19 17:30:41 /api/v1/agent/nodes/heartbeat ................ ~ 0.42ms
  2026-06-19 17:30:41 /api/v1/agent/resolver/config ................ ~ 0.77ms
  2026-06-19 17:30:46 /api/v1/agent/nodes/heartbeat .............. ~ 500.86ms
  2026-06-19 17:30:46 /api/v1/agent/resolver/config .............. ~ 501.35ms
  2026-06-19 17:30:51 /api/v1/internal/geodns/health-view .......... ~ 0.74ms
  2026-06-19 17:30:51 /api/v1/agent/resolver/config .............. ~ 503.18ms
  2026-06-19 17:30:51 /api/v1/agent/nodes/heartbeat .............. ~ 503.35ms
  2026-06-19 17:30:56 /api/v1/agent/nodes/heartbeat ................ ~ 0.10ms
  2026-06-19 17:30:56 /api/v1/agent/resolver/config ................ ~ 0.22ms
  2026-06-19 17:31:01 /api/v1/agent/resolver/config ................ ~ 1.26ms
  2026-06-19 17:31:01 /api/v1/agent/nodes/heartbeat ................ ~ 1.37ms
  2026-06-19 17:31:06 /api/v1/internal/geodns/health-view ........ ~ 505.35ms
  2026-06-19 17:31:06 /api/v1/agent/resolver/config ................ ~ 0.01ms
  2026-06-19 17:31:06 /api/v1/agent/nodes/heartbeat ................ ~ 0.09ms
  2026-06-19 17:31:11 /api/v1/agent/resolver/config ................ ~ 0.08ms
  2026-06-19 17:31:11 /api/v1/agent/nodes/heartbeat ................ ~ 0.17ms
  2026-06-19 17:31:16 /api/v1/agent/nodes/heartbeat ................ ~ 0.07ms
  2026-06-19 17:31:16 /api/v1/agent/resolver/config ................ ~ 0.16ms
  2026-06-19 17:31:21 /api/v1/internal/geodns/health-view ........ ~ 506.14ms
  2026-06-19 17:31:21 /api/v1/agent/resolver/config ................ ~ 0.04ms
  2026-06-19 17:31:21 /api/v1/agent/nodes/heartbeat ................ ~ 0.23ms
  2026-06-19 17:31:26 /api/v1/agent/resolver/config ................ ~ 0.07ms
  2026-06-19 17:31:26 /api/v1/agent/nodes/heartbeat ................ ~ 0.17ms
  2026-06-19 17:31:31 /api/v1/agent/resolver/config ................ ~ 1.02ms
  2026-06-19 17:31:31 /api/v1/agent/nodes/heartbeat ................ ~ 1.21ms
  2026-06-19 17:31:36 /api/v1/internal/geodns/health-view .......... ~ 0.19ms
  2026-06-19 17:31:36 /api/v1/agent/resolver/config ................ ~ 0.07ms
  2026-06-19 17:31:36 /api/v1/agent/nodes/heartbeat ................ ~ 0.16ms
  2026-06-19 17:31:41 /api/v1/agent/resolver/config ................ ~ 0.92ms
  2026-06-19 17:31:41 /api/v1/agent/nodes/heartbeat ................ ~ 1.46ms
  2026-06-19 17:31:46 /api/v1/agent/nodes/heartbeat ................ ~ 0.09ms
  2026-06-19 17:31:46 /api/v1/agent/resolver/config ................ ~ 0.27ms
  2026-06-19 17:31:51 /api/v1/internal/geodns/health-view .......... ~ 0.77ms
  2026-06-19 17:31:51 /api/v1/agent/resolver/config ................ ~ 0.09ms
  2026-06-19 17:31:51 /api/v1/agent/nodes/heartbeat ................ ~ 0.27ms
  2026-06-19 17:31:56 /api/v1/agent/resolver/config .............. ~ 504.68ms
  2026-06-19 17:31:56 /api/v1/agent/nodes/heartbeat .............. ~ 504.78ms
  2026-06-19 17:32:01 /api/v1/agent/nodes/heartbeat .............. ~ 500.38ms
  2026-06-19 17:32:01 /api/v1/agent/resolver/config .............. ~ 500.61ms
  2026-06-19 17:32:06 /api/v1/internal/geodns/health-view .......... ~ 8.42ms
  2026-06-19 17:32:06 /api/v1/agent/resolver/config .............. ~ 505.23ms
  2026-06-19 17:32:06 /api/v1/agent/nodes/heartbeat .............. ~ 505.39ms
  2026-06-19 17:32:11 /api/v1/agent/resolver/config ................ ~ 0.05ms
  2026-06-19 17:32:11 /api/v1/agent/nodes/heartbeat ................ ~ 0.15ms
  2026-06-19 17:32:16 /api/v1/agent/nodes/heartbeat ................ ~ 0.84ms
  2026-06-19 17:32:16 /api/v1/agent/resolver/config ................ ~ 0.99ms
  2026-06-19 17:32:21 /api/v1/internal/geodns/health-view ........ ~ 504.63ms
  2026-06-19 17:32:21 /api/v1/agent/resolver/config ................ ~ 0.05ms
  2026-06-19 17:32:21 /api/v1/agent/nodes/heartbeat ................ ~ 0.14ms
  2026-06-19 17:32:26 /api/v1/agent/resolver/config ................ ~ 0.20ms
  2026-06-19 17:32:26 /api/v1/agent/nodes/heartbeat ................ ~ 0.33ms
  2026-06-19 17:32:31 /api/v1/agent/nodes/heartbeat ................ ~ 0.09ms
  2026-06-19 17:32:31 /api/v1/agent/resolver/config ................ ~ 0.28ms
  2026-06-19 17:32:36 /api/v1/internal/geodns/health-view .......... ~ 0.11ms
  2026-06-19 17:32:36 /api/v1/agent/resolver/config ................ ~ 0.06ms
  2026-06-19 17:32:36 /api/v1/agent/nodes/heartbeat ................ ~ 0.01ms
  2026-06-19 17:32:41 /api/v1/agent/resolver/config ................ ~ 6.85ms
  2026-06-19 17:32:41 /api/v1/agent/nodes/heartbeat ................ ~ 7.18ms
  2026-06-19 17:32:46 /api/v1/agent/nodes/heartbeat ................ ~ 0.70ms
  2026-06-19 17:32:46 /api/v1/agent/resolver/config ................ ~ 0.01ms
  2026-06-19 17:32:51 /api/v1/internal/geodns/health-view .......... ~ 0.06ms
  2026-06-19 17:32:51 /api/v1/agent/nodes/heartbeat ................ ~ 0.10ms
  2026-06-19 17:32:51 /api/v1/agent/resolver/config ................ ~ 0.30ms
  2026-06-19 17:32:56 /api/v1/agent/resolver/config ................ ~ 0.07ms
  2026-06-19 17:32:56 /api/v1/agent/nodes/heartbeat ................ ~ 0.01ms
  2026-06-19 17:33:01 /api/v1/agent/resolver/config ................ ~ 0.58ms
  2026-06-19 17:33:01 /api/v1/agent/nodes/heartbeat ................ ~ 0.85ms
  2026-06-19 17:33:06 /api/v1/internal/geodns/health-view .......... ~ 0.10ms
  2026-06-19 17:33:06 /api/v1/agent/nodes/heartbeat .............. ~ 504.94ms
  2026-06-19 17:33:06 /api/v1/agent/resolver/config .............. ~ 505.01ms
  2026-06-19 17:33:11 /api/v1/agent/nodes/heartbeat ................ ~ 0.30ms
  2026-06-19 17:33:11 /api/v1/agent/resolver/config .............. ~ 505.54ms
  2026-06-19 17:33:16 /api/v1/agent/resolver/config ................ ~ 0.07ms
  2026-06-19 17:33:16 /api/v1/agent/nodes/heartbeat .............. ~ 503.49ms
  2026-06-19 17:33:21 /api/v1/internal/geodns/health-view .......... ~ 0.45ms
  2026-06-19 17:33:21 /api/v1/agent/nodes/heartbeat ................ ~ 0.02ms
  2026-06-19 17:33:21 /api/v1/agent/resolver/config ................ ~ 0.08ms
  2026-06-19 17:33:26 /api/v1/agent/resolver/config ................ ~ 0.06ms
  2026-06-19 17:33:26 /api/v1/agent/nodes/heartbeat ................ ~ 0.16ms
  2026-06-19 17:33:31 /api/v1/agent/nodes/heartbeat ................ ~ 0.72ms
  2026-06-19 17:33:31 /api/v1/agent/resolver/config ................ ~ 0.82ms
  2026-06-19 17:33:36 /api/v1/internal/geodns/health-view .......... ~ 0.05ms
  2026-06-19 17:33:36 /api/v1/agent/nodes/heartbeat ................ ~ 0.06ms
  2026-06-19 17:33:36 /api/v1/agent/resolver/config ................ ~ 0.15ms
  2026-06-19 17:33:41 /api/v1/agent/nodes/heartbeat ................ ~ 0.71ms
  2026-06-19 17:33:41 /api/v1/agent/resolver/config ................ ~ 0.80ms
  2026-06-19 17:33:46 /api/v1/agent/nodes/heartbeat ................ ~ 0.06ms
  2026-06-19 17:33:46 /api/v1/agent/resolver/config ................ ~ 0.15ms
  2026-06-19 17:33:51 /api/v1/internal/geodns/health-view .......... ~ 0.76ms
  2026-06-19 17:33:51 /api/v1/agent/resolver/config ................ ~ 0.06ms
  2026-06-19 17:33:51 /api/v1/agent/nodes/heartbeat ................ ~ 0.01ms
  2026-06-19 17:33:56 /api/v1/agent/resolver/config ................ ~ 0.06ms
  2026-06-19 17:33:56 /api/v1/agent/nodes/heartbeat ................ ~ 0.15ms
  2026-06-19 17:34:01 /api/v1/agent/nodes/heartbeat ................ ~ 0.23ms
  2026-06-19 17:34:01 /api/v1/agent/resolver/config ................ ~ 0.32ms
  2026-06-19 17:34:06 /api/v1/internal/geodns/health-view .......... ~ 0.15ms
  2026-06-19 17:34:06 /api/v1/agent/nodes/heartbeat ................ ~ 0.05ms
  2026-06-19 17:34:06 /api/v1/agent/resolver/config ................ ~ 0.13ms
  2026-06-19 17:34:11 /api/v1/agent/nodes/heartbeat ................ ~ 0.47ms
  2026-06-19 17:34:11 /api/v1/agent/resolver/config ................ ~ 0.59ms
  2026-06-19 17:34:16 /api/v1/agent/resolver/config ................ ~ 0.11ms
  2026-06-19 17:34:16 /api/v1/agent/nodes/heartbeat ................ ~ 0.22ms
  2026-06-19 17:34:21 /api/v1/internal/geodns/health-view .......... ~ 0.12ms
  2026-06-19 17:34:21 /api/v1/agent/nodes/heartbeat ................ ~ 0.04ms
  2026-06-19 17:34:21 /api/v1/agent/resolver/config ................ ~ 0.14ms
  2026-06-19 17:34:26 /api/v1/agent/resolver/config .............. ~ 500.84ms
  2026-06-19 17:34:26 /api/v1/agent/nodes/heartbeat .............. ~ 501.04ms
  2026-06-19 17:34:31 /api/v1/agent/nodes/heartbeat ................ ~ 0.28ms
  2026-06-19 17:34:31 /api/v1/agent/resolver/config .............. ~ 504.71ms
  2026-06-19 17:34:36 /api/v1/internal/geodns/health-view .......... ~ 0.05ms
  2026-06-19 17:34:36 /api/v1/agent/nodes/heartbeat ................ ~ 0.02ms
  2026-06-19 17:34:36 /api/v1/agent/resolver/config ................ ~ 0.08ms
  2026-06-19 17:34:41 /api/v1/agent/resolver/config ................ ~ 0.12ms
  2026-06-19 17:34:41 /api/v1/agent/nodes/heartbeat ................ ~ 0.21ms
  2026-06-19 17:34:46 /api/v1/agent/nodes/heartbeat ................ ~ 0.07ms
  2026-06-19 17:34:46 /api/v1/agent/resolver/config ................ ~ 0.15ms
  2026-06-19 17:34:51 /api/v1/internal/geodns/health-view ........ ~ 505.83ms
  2026-06-19 17:34:51 /api/v1/agent/nodes/heartbeat ................ ~ 0.02ms
  2026-06-19 17:34:51 /api/v1/agent/resolver/config ................ ~ 0.08ms
  2026-06-19 17:34:56 /api/v1/agent/nodes/heartbeat ................ ~ 0.06ms
  2026-06-19 17:34:56 /api/v1/agent/resolver/config ................ ~ 0.14ms
  2026-06-19 17:35:01 /api/v1/agent/resolver/config ................ ~ 0.09ms
  2026-06-19 17:35:01 /api/v1/agent/nodes/heartbeat ................ ~ 0.19ms
  2026-06-19 17:35:06 /api/v1/internal/geodns/health-view .......... ~ 0.05ms
  2026-06-19 17:35:06 /api/v1/agent/nodes/heartbeat ................ ~ 0.04ms
  2026-06-19 17:35:06 /api/v1/agent/resolver/config ................ ~ 0.12ms
  2026-06-19 17:35:11 /api/v1/agent/resolver/config ................ ~ 0.82ms
  2026-06-19 17:35:11 /api/v1/agent/nodes/heartbeat ................ ~ 1.05ms
  2026-06-19 17:35:16 /api/v1/agent/resolver/config ................ ~ 0.10ms
  2026-06-19 17:35:16 /api/v1/agent/nodes/heartbeat ................ ~ 0.30ms
  2026-06-19 17:35:21 /api/v1/internal/geodns/health-view .......... ~ 0.21ms
  2026-06-19 17:35:21 /api/v1/agent/nodes/heartbeat ................ ~ 0.12ms
  2026-06-19 17:35:21 /api/v1/agent/resolver/config ................ ~ 0.33ms
  2026-06-19 17:35:26 /api/v1/agent/resolver/config ................ ~ 1.34ms
  2026-06-19 17:35:26 /api/v1/agent/nodes/heartbeat ................ ~ 1.58ms
  2026-06-19 17:35:31 /api/v1/agent/resolver/config ................ ~ 0.39ms
  2026-06-19 17:35:31 /api/v1/agent/nodes/heartbeat ................ ~ 0.48ms
  2026-06-19 17:35:36 /api/v1/internal/geodns/health-view .......... ~ 0.05ms
  2026-06-19 17:35:36 /api/v1/agent/nodes/heartbeat ................ ~ 0.12ms
  2026-06-19 17:35:36 /api/v1/agent/resolver/config ................ ~ 0.33ms
  2026-06-19 17:35:41 /api/v1/agent/resolver/config ................ ~ 0.32ms
  2026-06-19 17:35:41 /api/v1/agent/nodes/heartbeat ................ ~ 0.48ms
  2026-06-19 17:35:46 /api/v1/agent/resolver/config .............. ~ 503.04ms
  2026-06-19 17:35:46 /api/v1/agent/nodes/heartbeat .............. ~ 503.11ms
  2026-06-19 17:35:51 /api/v1/internal/geodns/health-view .......... ~ 0.09ms
  2026-06-19 17:35:51 /api/v1/agent/nodes/heartbeat ................ ~ 0.02ms
  2026-06-19 17:35:51 /api/v1/agent/resolver/config .............. ~ 501.66ms
  2026-06-19 17:35:56 /api/v1/agent/resolver/config ................ ~ 0.05ms
  2026-06-19 17:35:56 /api/v1/agent/nodes/heartbeat ................ ~ 0.14ms
  2026-06-19 17:36:01 /api/v1/agent/resolver/config ................ ~ 0.38ms
  2026-06-19 17:36:01 /api/v1/agent/nodes/heartbeat ................ ~ 0.48ms
  2026-06-19 17:36:06 /api/v1/internal/geodns/health-view ........ ~ 504.10ms
  2026-06-19 17:36:06 /api/v1/agent/resolver/config ................ ~ 0.02ms
  2026-06-19 17:36:06 /api/v1/agent/nodes/heartbeat ................ ~ 0.08ms
  2026-06-19 17:36:11 /api/v1/agent/nodes/heartbeat ................ ~ 0.13ms
  2026-06-19 17:36:11 /api/v1/agent/resolver/config ................ ~ 0.22ms
  2026-06-19 17:36:16 /api/v1/agent/resolver/config ................ ~ 0.06ms
  2026-06-19 17:36:16 /api/v1/agent/nodes/heartbeat ................ ~ 0.15ms
  2026-06-19 17:36:21 /api/v1/internal/geodns/health-view .......... ~ 0.23ms
  2026-06-19 17:36:21 /api/v1/agent/resolver/config ................ ~ 0.07ms
  2026-06-19 17:36:21 /api/v1/agent/nodes/heartbeat ................ ~ 0.15ms
  2026-06-19 17:36:26 /api/v1/agent/resolver/config ................ ~ 0.16ms
  2026-06-19 17:36:26 /api/v1/agent/nodes/heartbeat ................ ~ 0.30ms
  2026-06-19 17:36:31 /api/v1/agent/resolver/config ................ ~ 0.29ms
  2026-06-19 17:36:31 /api/v1/agent/nodes/heartbeat ................ ~ 0.40ms
  2026-06-19 17:36:36 /api/v1/internal/geodns/health-view .......... ~ 0.06ms
  2026-06-19 17:36:36 /api/v1/agent/resolver/config ................ ~ 0.18ms
  2026-06-19 17:36:36 /api/v1/agent/nodes/heartbeat ................ ~ 0.40ms
  2026-06-19 17:36:41 /api/v1/agent/resolver/config ................ ~ 2.22ms
  2026-06-19 17:36:41 /api/v1/agent/nodes/heartbeat ................ ~ 2.41ms
  2026-06-19 17:36:46 /api/v1/agent/resolver/config ................ ~ 0.20ms
  2026-06-19 17:36:46 /api/v1/agent/nodes/heartbeat ................ ~ 0.35ms
  2026-06-19 17:36:51 /api/v1/internal/geodns/health-view .......... ~ 0.29ms
  2026-06-19 17:36:51 /api/v1/agent/resolver/config ................ ~ 0.12ms
  2026-06-19 17:36:51 /api/v1/agent/nodes/heartbeat ................ ~ 0.48ms
  2026-06-19 17:36:56 /api/v1/agent/nodes/heartbeat ................ ~ 0.05ms
  2026-06-19 17:36:56 /api/v1/agent/resolver/config ................ ~ 0.15ms
  2026-06-19 17:37:01 /api/v1/agent/nodes/heartbeat .............. ~ 503.42ms
  2026-06-19 17:37:01 /api/v1/agent/resolver/config .............. ~ 503.56ms
  2026-06-19 17:37:06 /api/v1/internal/geodns/health-view .......... ~ 0.18ms
  2026-06-19 17:37:06 /api/v1/agent/resolver/config .............. ~ 501.44ms
  2026-06-19 17:37:06 /api/v1/agent/nodes/heartbeat .............. ~ 501.51ms
  2026-06-19 17:37:11 /api/v1/agent/nodes/heartbeat ................ ~ 0.22ms
  2026-06-19 17:37:11 /api/v1/agent/resolver/config .............. ~ 500.82ms
  2026-06-19 17:37:16 /api/v1/agent/resolver/config ................ ~ 0.71ms
  2026-06-19 17:37:16 /api/v1/agent/nodes/heartbeat ................ ~ 0.80ms
  2026-06-19 17:37:21 /api/v1/internal/geodns/health-view .......... ~ 0.86ms
  2026-06-19 17:37:21 /api/v1/agent/nodes/heartbeat ................ ~ 0.02ms
  2026-06-19 17:37:21 /api/v1/agent/resolver/config ................ ~ 0.08ms
  2026-06-19 17:37:26 /api/v1/agent/resolver/config ................ ~ 0.06ms
  2026-06-19 17:37:26 /api/v1/agent/nodes/heartbeat ................ ~ 0.15ms
  2026-06-19 17:37:31 /api/v1/agent/resolver/config ................ ~ 0.69ms
  2026-06-19 17:37:31 /api/v1/agent/nodes/heartbeat ................ ~ 0.78ms
  2026-06-19 17:37:36 /api/v1/internal/geodns/health-view ........ ~ 504.96ms
  2026-06-19 17:37:36 /api/v1/agent/nodes/heartbeat ................ ~ 0.02ms
  2026-06-19 17:37:36 /api/v1/agent/resolver/config ................ ~ 0.09ms
  2026-06-19 17:37:41 /api/v1/agent/nodes/heartbeat ................ ~ 0.73ms
  2026-06-19 17:37:41 /api/v1/agent/resolver/config ................ ~ 0.83ms
  2026-06-19 17:37:46 /api/v1/agent/nodes/heartbeat ................ ~ 0.18ms
  2026-06-19 17:37:46 /api/v1/agent/resolver/config .............. ~ 502.85ms
  2026-06-19 17:37:51 /api/v1/internal/geodns/health-view .......... ~ 0.04ms
  2026-06-19 17:37:51 /api/v1/agent/resolver/config ................ ~ 0.05ms
  2026-06-19 17:37:51 /api/v1/agent/nodes/heartbeat ................ ~ 0.14ms
  2026-06-19 17:37:56 /api/v1/agent/nodes/heartbeat ................ ~ 0.30ms
  2026-06-19 17:37:56 /api/v1/agent/resolver/config ................ ~ 0.39ms
  2026-06-19 17:38:01 /api/v1/agent/resolver/config ................ ~ 1.39ms
  2026-06-19 17:38:01 /api/v1/agent/nodes/heartbeat ................ ~ 1.62ms
  2026-06-19 17:38:06 /api/v1/internal/geodns/health-view .......... ~ 0.22ms
  2026-06-19 17:38:06 /api/v1/agent/resolver/config ................ ~ 0.10ms
  2026-06-19 17:38:06 /api/v1/agent/nodes/heartbeat ................ ~ 0.34ms
  2026-06-19 17:38:11 /api/v1/agent/nodes/heartbeat ................ ~ 0.14ms
  2026-06-19 17:38:11 /api/v1/agent/resolver/config ................ ~ 0.43ms
  2026-06-19 17:38:16 /api/v1/agent/resolver/config ................ ~ 1.47ms
  2026-06-19 17:38:16 /api/v1/agent/nodes/heartbeat ................ ~ 1.99ms
  2026-06-19 17:38:21 /api/v1/internal/geodns/health-view .......... ~ 0.89ms
  2026-06-19 17:38:21 /api/v1/agent/nodes/heartbeat ................ ~ 0.08ms
  2026-06-19 17:38:21 /api/v1/agent/resolver/config ................ ~ 0.56ms
  2026-06-19 17:38:26 /api/v1/agent/resolver/config .............. ~ 502.15ms
  2026-06-19 17:38:26 /api/v1/agent/nodes/heartbeat .............. ~ 502.57ms
  2026-06-19 17:38:31 /api/v1/agent/resolver/config .............. ~ 506.41ms
  2026-06-19 17:38:31 /api/v1/agent/nodes/heartbeat .............. ~ 506.75ms
  2026-06-19 17:38:36 /api/v1/internal/geodns/health-view .......... ~ 0.29ms
  2026-06-19 17:38:36 /api/v1/agent/resolver/config ................ ~ 0.02ms
  2026-06-19 17:38:36 /api/v1/agent/nodes/heartbeat .............. ~ 500.90ms
  2026-06-19 17:38:41 /api/v1/agent/resolver/config ................ ~ 0.07ms
  2026-06-19 17:38:41 /api/v1/agent/nodes/heartbeat ................ ~ 0.16ms
  2026-06-19 17:38:46 /api/v1/agent/resolver/config ................ ~ 0.77ms
  2026-06-19 17:38:46 /api/v1/agent/nodes/heartbeat ................ ~ 0.90ms
  2026-06-19 17:38:51 /api/v1/internal/geodns/health-view ........ ~ 505.16ms
  2026-06-19 17:38:51 /api/v1/agent/resolver/config ................ ~ 0.01ms
  2026-06-19 17:38:51 /api/v1/agent/nodes/heartbeat ................ ~ 0.08ms
  2026-06-19 17:38:56 /api/v1/agent/resolver/config ................ ~ 0.31ms
  2026-06-19 17:38:56 /api/v1/agent/nodes/heartbeat ................ ~ 0.39ms
  2026-06-19 17:39:01 /api/v1/agent/resolver/config ................ ~ 0.06ms
  2026-06-19 17:39:01 /api/v1/agent/nodes/heartbeat ................ ~ 0.25ms
  2026-06-19 17:39:06 /api/v1/internal/geodns/health-view .......... ~ 0.38ms
  2026-06-19 17:39:06 /api/v1/agent/nodes/heartbeat ................ ~ 0.09ms
  2026-06-19 17:39:06 /api/v1/agent/resolver/config ................ ~ 0.27ms
  2026-06-19 17:39:11 /api/v1/agent/resolver/config ................ ~ 0.45ms
  2026-06-19 17:39:11 /api/v1/agent/nodes/heartbeat ................ ~ 0.55ms
  2026-06-19 17:39:16 /api/v1/agent/resolver/config ................ ~ 0.25ms
  2026-06-19 17:39:16 /api/v1/agent/nodes/heartbeat ................ ~ 0.44ms
  2026-06-19 17:39:21 /api/v1/internal/geodns/health-view .......... ~ 0.43ms
  2026-06-19 17:39:21 /api/v1/agent/resolver/config ................ ~ 0.15ms
  2026-06-19 17:39:21 /api/v1/agent/nodes/heartbeat ................ ~ 0.41ms
  2026-06-19 17:39:26 /api/v1/agent/resolver/config ................ ~ 0.42ms
  2026-06-19 17:39:26 /api/v1/agent/nodes/heartbeat ................ ~ 0.74ms
  2026-06-19 17:39:31 /api/v1/agent/resolver/config ................ ~ 0.40ms
  2026-06-19 17:39:31 /api/v1/agent/nodes/heartbeat ................ ~ 0.72ms
  2026-06-19 17:39:36 /api/v1/internal/geodns/health-view .......... ~ 0.33ms
  2026-06-19 17:39:36 /api/v1/agent/resolver/config ................ ~ 0.10ms
  2026-06-19 17:39:36 /api/v1/agent/nodes/heartbeat ................ ~ 0.35ms
  2026-06-19 17:39:41 /api/v1/agent/resolver/config .............. ~ 501.06ms
  2026-06-19 17:39:41 /api/v1/agent/nodes/heartbeat .............. ~ 501.43ms
  2026-06-19 17:39:46 /api/v1/agent/resolver/config ................ ~ 0.25ms
  2026-06-19 17:39:46 /api/v1/agent/nodes/heartbeat .............. ~ 503.28ms
  2026-06-19 17:39:51 /api/v1/internal/geodns/health-view .......... ~ 0.23ms
  2026-06-19 17:39:51 /api/v1/agent/resolver/config ................ ~ 0.02ms
  2026-06-19 17:39:51 /api/v1/agent/nodes/heartbeat ................ ~ 0.08ms
  2026-06-19 17:39:56 /api/v1/agent/resolver/config ................ ~ 0.06ms
  2026-06-19 17:39:56 /api/v1/agent/nodes/heartbeat ................ ~ 0.14ms
  2026-06-19 17:40:01 /api/v1/agent/resolver/config ................ ~ 0.28ms
  2026-06-19 17:40:01 /api/v1/agent/nodes/heartbeat ................ ~ 0.38ms
  2026-06-19 17:40:06 /api/v1/internal/geodns/health-view .......... ~ 0.04ms
  2026-06-19 17:40:06 /api/v1/agent/resolver/config ................ ~ 0.05ms
  2026-06-19 17:40:06 /api/v1/agent/nodes/heartbeat ................ ~ 0.13ms
  2026-06-19 17:40:11 /api/v1/agent/resolver/config ................ ~ 0.07ms
  2026-06-19 17:40:11 /api/v1/agent/nodes/heartbeat ................ ~ 0.26ms
  2026-06-19 17:40:16 /api/v1/agent/resolver/config ................ ~ 0.79ms
  2026-06-19 17:40:16 /api/v1/agent/nodes/heartbeat ................ ~ 1.01ms
  2026-06-19 17:40:21 /api/v1/internal/geodns/health-view .......... ~ 0.10ms
  2026-06-19 17:40:21 /api/v1/agent/nodes/heartbeat ................ ~ 0.06ms
  2026-06-19 17:40:21 /api/v1/agent/resolver/config ................ ~ 0.14ms
  2026-06-19 17:40:26 /api/v1/agent/nodes/heartbeat ................ ~ 0.88ms
  2026-06-19 17:40:26 /api/v1/agent/resolver/config ................ ~ 1.13ms
  2026-06-19 17:40:31 /api/v1/agent/resolver/config ................ ~ 0.16ms
  2026-06-19 17:40:31 /api/v1/agent/nodes/heartbeat ................ ~ 0.38ms
  2026-06-19 17:40:36 /api/v1/internal/geodns/health-view .......... ~ 0.13ms
  2026-06-19 17:40:36 /api/v1/agent/nodes/heartbeat ................ ~ 0.09ms
  2026-06-19 17:40:36 /api/v1/agent/resolver/config ................ ~ 0.25ms
  2026-06-19 17:40:41 /api/v1/agent/nodes/heartbeat ................ ~ 0.10ms
  2026-06-19 17:40:41 /api/v1/agent/resolver/config ................ ~ 0.33ms
  2026-06-19 17:40:46 /api/v1/agent/nodes/heartbeat ................ ~ 0.67ms
  2026-06-19 17:40:46 /api/v1/agent/resolver/config ................ ~ 0.75ms
  2026-06-19 17:40:51 /api/v1/internal/geodns/health-view .......... ~ 0.11ms
  2026-06-19 17:40:51 /api/v1/agent/resolver/config .............. ~ 502.78ms
  2026-06-19 17:40:51 /api/v1/agent/nodes/heartbeat .............. ~ 502.97ms
  2026-06-19 17:40:56 /api/v1/agent/resolver/config ................ ~ 0.28ms
  2026-06-19 17:40:56 /api/v1/agent/nodes/heartbeat .............. ~ 500.93ms
  2026-06-19 17:41:01 /api/v1/agent/nodes/heartbeat ................ ~ 0.05ms
  2026-06-19 17:41:01 /api/v1/agent/resolver/config .............. ~ 503.77ms
  2026-06-19 17:41:06 /api/v1/internal/geodns/health-view .......... ~ 0.28ms
  2026-06-19 17:41:06 /api/v1/agent/resolver/config ................ ~ 0.02ms
  2026-06-19 17:41:06 /api/v1/agent/nodes/heartbeat ................ ~ 0.08ms
  2026-06-19 17:41:11 /api/v1/agent/nodes/heartbeat ................ ~ 0.05ms
  2026-06-19 17:41:11 /api/v1/agent/resolver/config ................ ~ 0.13ms
  2026-06-19 17:41:16 /api/v1/agent/resolver/config ................ ~ 1.16ms
  2026-06-19 17:41:16 /api/v1/agent/nodes/heartbeat ................ ~ 1.24ms
  2026-06-19 17:41:21 /api/v1/internal/geodns/health-view ........ ~ 502.54ms
  2026-06-19 17:41:21 /api/v1/agent/resolver/config ................ ~ 0.02ms
  2026-06-19 17:41:21 /api/v1/agent/nodes/heartbeat ................ ~ 0.08ms
  2026-06-19 17:41:26 /api/v1/agent/resolver/config ................ ~ 0.29ms
  2026-06-19 17:41:26 /api/v1/agent/nodes/heartbeat ................ ~ 0.38ms
  2026-06-19 17:41:31 /api/v1/agent/nodes/heartbeat ................ ~ 0.10ms
  2026-06-19 17:41:31 /api/v1/agent/resolver/config ................ ~ 0.26ms
  2026-06-19 17:41:36 /api/v1/internal/geodns/health-view .......... ~ 0.68ms
  2026-06-19 17:41:36 /api/v1/agent/resolver/config ................ ~ 0.05ms
  2026-06-19 17:41:36 /api/v1/agent/nodes/heartbeat ................ ~ 0.13ms
  2026-06-19 17:41:41 /api/v1/agent/resolver/config ................ ~ 0.19ms
  2026-06-19 17:41:41 /api/v1/agent/nodes/heartbeat ................ ~ 0.68ms
  2026-06-19 17:41:46 /api/v1/agent/nodes/heartbeat ................ ~ 0.94ms
  2026-06-19 17:41:46 /api/v1/agent/resolver/config ................ ~ 1.19ms
  2026-06-19 17:41:51 /api/v1/internal/geodns/health-view .......... ~ 0.09ms
  2026-06-19 17:41:51 /api/v1/agent/nodes/heartbeat ................ ~ 0.11ms
  2026-06-19 17:41:51 /api/v1/agent/resolver/config ................ ~ 0.38ms
  2026-06-19 17:41:56 /api/v1/agent/resolver/config ................ ~ 0.98ms
  2026-06-19 17:41:56 /api/v1/agent/nodes/heartbeat ................ ~ 1.18ms
  2026-06-19 17:42:01 /api/v1/agent/resolver/config ................ ~ 0.09ms
  2026-06-19 17:42:01 /api/v1/agent/nodes/heartbeat ................ ~ 0.26ms
  2026-06-19 17:42:06 /api/v1/internal/geodns/health-view .......... ~ 0.23ms
  2026-06-19 17:42:06 /api/v1/agent/nodes/heartbeat .............. ~ 505.28ms
  2026-06-19 17:42:06 /api/v1/agent/resolver/config .............. ~ 505.44ms
  2026-06-19 17:42:11 /api/v1/agent/resolver/config .............. ~ 500.74ms
  2026-06-19 17:42:11 /api/v1/agent/nodes/heartbeat .............. ~ 501.24ms
  2026-06-19 17:42:16 /api/v1/agent/resolver/config ................ ~ 0.05ms
  2026-06-19 17:42:16 /api/v1/agent/nodes/heartbeat .............. ~ 503.08ms
  2026-06-19 17:42:21 /api/v1/internal/geodns/health-view .......... ~ 1.24ms
  2026-06-19 17:42:21 /api/v1/agent/nodes/heartbeat ................ ~ 0.02ms
  2026-06-19 17:42:21 /api/v1/agent/resolver/config ................ ~ 0.09ms
  2026-06-19 17:42:26 /api/v1/agent/nodes/heartbeat ................ ~ 0.06ms
  2026-06-19 17:42:26 /api/v1/agent/resolver/config ................ ~ 0.15ms
  2026-06-19 17:42:31 /api/v1/agent/nodes/heartbeat ................ ~ 0.87ms
  2026-06-19 17:42:31 /api/v1/agent/resolver/config ................ ~ 1.01ms
  2026-06-19 17:42:36 /api/v1/internal/geodns/health-view ........ ~ 505.34ms
  2026-06-19 17:42:36 /api/v1/agent/resolver/config ................ ~ 0.02ms
  2026-06-19 17:42:36 /api/v1/agent/nodes/heartbeat ................ ~ 0.10ms
  2026-06-19 17:42:41 /api/v1/agent/nodes/heartbeat ................ ~ 0.24ms
  2026-06-19 17:42:41 /api/v1/agent/resolver/config ................ ~ 0.33ms
  2026-06-19 17:42:43 /api/v1/agent/nodes/heartbeat ................ ~ 0.10ms
  2026-06-19 17:42:43 /api/v1/agent/resolver/config ................ ~ 0.20ms
  2026-06-19 17:42:47 /api/v1/internal/geodns/health-view .......... ~ 0.14ms
  2026-06-19 17:42:48 /api/v1/agent/nodes/heartbeat ................ ~ 0.10ms
  2026-06-19 17:42:48 /api/v1/agent/resolver/config ................ ~ 0.31ms
  2026-06-19 17:42:53 /api/v1/agent/resolver/config ................ ~ 0.09ms
  2026-06-19 17:42:53 /api/v1/agent/nodes/heartbeat ................ ~ 0.02ms
  2026-06-19 17:42:58 /api/v1/agent/nodes/heartbeat ................ ~ 0.88ms
  2026-06-19 17:42:58 /api/v1/agent/resolver/config ................ ~ 1.33ms
  2026-06-19 17:43:02 /api/v1/internal/geodns/health-view .......... ~ 0.13ms
  2026-06-19 17:43:03 /api/v1/agent/nodes/heartbeat ................ ~ 0.05ms
  2026-06-19 17:43:03 /api/v1/agent/resolver/config ................ ~ 0.14ms
  2026-06-19 17:43:08 /api/v1/agent/nodes/heartbeat ................ ~ 0.14ms
  2026-06-19 17:43:08 /api/v1/agent/resolver/config ................ ~ 0.34ms
  2026-06-19 17:43:13 /api/v1/agent/nodes/heartbeat ................ ~ 0.11ms
  2026-06-19 17:43:13 /api/v1/agent/resolver/config ................ ~ 0.27ms
  2026-06-19 17:43:17 /api/v1/internal/geodns/health-view .......... ~ 0.91ms
  2026-06-19 17:43:18 /api/v1/agent/nodes/heartbeat ................ ~ 0.12ms
  2026-06-19 17:43:18 /api/v1/agent/resolver/config ................ ~ 0.30ms
  2026-06-19 17:43:23 /api/v1/agent/resolver/config .............. ~ 502.02ms
  2026-06-19 17:43:23 /api/v1/agent/nodes/heartbeat .............. ~ 502.13ms
  2026-06-19 17:43:28 /api/v1/agent/resolver/config ................ ~ 0.30ms
  2026-06-19 17:43:28 /api/v1/agent/nodes/heartbeat .............. ~ 505.66ms
  2026-06-19 17:43:32 /api/v1/internal/geodns/health-view .......... ~ 0.05ms
  2026-06-19 17:43:33 /api/v1/agent/resolver/config ................ ~ 0.02ms
  2026-06-19 17:43:33 /api/v1/agent/nodes/heartbeat ................ ~ 0.08ms
  2026-06-19 17:43:38 /api/v1/agent/resolver/config ................ ~ 0.72ms
  2026-06-19 17:43:38 /api/v1/agent/nodes/heartbeat ................ ~ 0.82ms
  2026-06-19 17:43:43 /api/v1/agent/resolver/config ................ ~ 0.11ms
  2026-06-19 17:43:43 /api/v1/agent/nodes/heartbeat ................ ~ 0.21ms
  2026-06-19 17:43:47 /api/v1/internal/geodns/health-view ........ ~ 503.30ms
  2026-06-19 17:43:48 /api/v1/agent/resolver/config ................ ~ 0.02ms
  2026-06-19 17:43:48 /api/v1/agent/nodes/heartbeat ................ ~ 0.09ms
  2026-06-19 17:43:53 /api/v1/agent/nodes/heartbeat ................ ~ 1.19ms
  2026-06-19 17:43:53 /api/v1/agent/resolver/config ................ ~ 1.30ms
  2026-06-19 17:43:58 /api/v1/agent/resolver/config ................ ~ 0.12ms
  2026-06-19 17:43:58 /api/v1/agent/nodes/heartbeat ................ ~ 0.33ms
  2026-06-19 17:44:02 /api/v1/internal/geodns/health-view .......... ~ 0.05ms
  2026-06-19 17:44:03 /api/v1/agent/nodes/heartbeat ................ ~ 0.09ms
  2026-06-19 17:44:03 /api/v1/agent/resolver/config ................ ~ 0.27ms
  2026-06-19 17:44:08 /api/v1/agent/nodes/heartbeat ................ ~ 0.19ms
  2026-06-19 17:44:08 /api/v1/agent/resolver/config ................ ~ 0.31ms
  2026-06-19 17:44:13 /api/v1/agent/resolver/config ................ ~ 0.07ms
  2026-06-19 17:44:13 /api/v1/agent/nodes/heartbeat ................ ~ 0.16ms
  2026-06-19 17:44:17 /api/v1/internal/geodns/health-view .......... ~ 0.30ms
  2026-06-19 17:44:18 /api/v1/agent/resolver/config ................ ~ 0.19ms
  2026-06-19 17:44:18 /api/v1/agent/nodes/heartbeat ................ ~ 1.02ms
  2026-06-19 17:44:23 /api/v1/agent/nodes/heartbeat ................ ~ 0.14ms
  2026-06-19 17:44:23 /api/v1/agent/resolver/config ................ ~ 0.29ms
  2026-06-19 17:44:28 /api/v1/agent/nodes/heartbeat ................ ~ 0.83ms
  2026-06-19 17:44:28 /api/v1/agent/resolver/config ................ ~ 1.00ms
  2026-06-19 17:44:32 /api/v1/internal/geodns/health-view .......... ~ 0.11ms
  2026-06-19 17:44:33 /api/v1/agent/resolver/config ................ ~ 0.10ms
  2026-06-19 17:44:33 /api/v1/agent/nodes/heartbeat ................ ~ 0.25ms
  2026-06-19 17:44:38 /api/v1/agent/resolver/config .............. ~ 503.66ms
  2026-06-19 17:44:38 /api/v1/agent/nodes/heartbeat .............. ~ 503.93ms
  2026-06-19 17:44:43 /api/v1/agent/resolver/config ................ ~ 0.13ms
  2026-06-19 17:44:43 /api/v1/agent/nodes/heartbeat .............. ~ 505.50ms
  2026-06-19 17:44:47 /api/v1/internal/geodns/health-view .......... ~ 0.28ms
  2026-06-19 17:44:48 /api/v1/agent/nodes/heartbeat ................ ~ 0.02ms
  2026-06-19 17:44:48 /api/v1/agent/resolver/config .............. ~ 500.65ms
  2026-06-19 17:44:53 /api/v1/agent/resolver/config ................ ~ 0.22ms
  2026-06-19 17:44:53 /api/v1/agent/nodes/heartbeat ................ ~ 0.35ms
  2026-06-19 17:44:58 /api/v1/agent/nodes/heartbeat ................ ~ 0.30ms
  2026-06-19 17:44:58 /api/v1/agent/resolver/config ................ ~ 0.40ms
  2026-06-19 17:45:02 /api/v1/internal/geodns/health-view ........ ~ 504.53ms
  2026-06-19 17:45:03 /api/v1/agent/nodes/heartbeat ................ ~ 0.02ms
  2026-06-19 17:45:03 /api/v1/agent/resolver/config ................ ~ 0.08ms
  2026-06-19 17:45:08 /api/v1/agent/nodes/heartbeat ................ ~ 0.13ms
  2026-06-19 17:45:08 /api/v1/agent/resolver/config ................ ~ 0.23ms
  2026-06-19 17:45:13 /api/v1/agent/nodes/heartbeat ................ ~ 0.26ms
  2026-06-19 17:45:13 /api/v1/agent/resolver/config ................ ~ 0.42ms
  2026-06-19 17:45:17 /api/v1/internal/geodns/health-view .......... ~ 0.22ms
  2026-06-19 17:45:18 /api/v1/agent/nodes/heartbeat ................ ~ 0.09ms
  2026-06-19 17:45:18 /api/v1/agent/resolver/config ................ ~ 0.27ms
  2026-06-19 17:45:23 /api/v1/agent/nodes/heartbeat ................ ~ 0.68ms
  2026-06-19 17:45:23 /api/v1/agent/resolver/config ................ ~ 0.89ms
  2026-06-19 17:45:28 /api/v1/agent/resolver/config ................ ~ 0.10ms
  2026-06-19 17:45:28 /api/v1/agent/nodes/heartbeat ................ ~ 0.28ms
  2026-06-19 17:45:32 /api/v1/internal/geodns/health-view .......... ~ 0.11ms
  2026-06-19 17:45:33 /api/v1/agent/resolver/config ................ ~ 0.13ms
  2026-06-19 17:45:33 /api/v1/agent/nodes/heartbeat ................ ~ 0.37ms
  2026-06-19 17:45:38 /api/v1/agent/nodes/heartbeat ................ ~ 0.09ms
  2026-06-19 17:45:38 /api/v1/agent/resolver/config ................ ~ 0.25ms
  2026-06-19 17:45:43 /api/v1/agent/nodes/heartbeat ................ ~ 0.25ms
  2026-06-19 17:45:43 /api/v1/agent/resolver/config ................ ~ 0.34ms
  2026-06-19 17:45:47 /api/v1/internal/geodns/health-view .......... ~ 0.12ms
  2026-06-19 17:45:48 /api/v1/agent/nodes/heartbeat ................ ~ 0.21ms
  2026-06-19 17:45:48 /api/v1/agent/resolver/config ................ ~ 0.62ms
  2026-06-19 17:45:53 /api/v1/agent/nodes/heartbeat .............. ~ 503.07ms
  2026-06-19 17:45:53 /api/v1/agent/resolver/config .............. ~ 503.60ms
  2026-06-19 17:45:58 /api/v1/agent/nodes/heartbeat .............. ~ 502.05ms
  2026-06-19 17:45:58 /api/v1/agent/resolver/config .............. ~ 502.48ms
  2026-06-19 17:46:02 /api/v1/internal/geodns/health-view .......... ~ 0.31ms
  2026-06-19 17:46:03 /api/v1/agent/nodes/heartbeat ................ ~ 0.02ms
  2026-06-19 17:46:03 /api/v1/agent/resolver/config .............. ~ 503.23ms
  2026-06-19 17:46:08 /api/v1/agent/resolver/config ................ ~ 0.05ms
  2026-06-19 17:46:08 /api/v1/agent/nodes/heartbeat ................ ~ 0.01ms
  2026-06-19 17:46:13 /api/v1/agent/nodes/heartbeat ................ ~ 0.71ms
  2026-06-19 17:46:13 /api/v1/agent/resolver/config ................ ~ 0.81ms
  2026-06-19 17:46:17 /api/v1/internal/geodns/health-view .......... ~ 0.07ms
  2026-06-19 17:46:18 /api/v1/agent/resolver/config ................ ~ 0.01ms
  2026-06-19 17:46:18 /api/v1/agent/nodes/heartbeat ................ ~ 0.08ms
  2026-06-19 17:46:23 /api/v1/agent/nodes/heartbeat ................ ~ 0.23ms
  2026-06-19 17:46:23 /api/v1/agent/resolver/config ................ ~ 0.34ms
  2026-06-19 17:46:28 /api/v1/agent/nodes/heartbeat ................ ~ 0.08ms
  2026-06-19 17:46:28 /api/v1/agent/resolver/config ................ ~ 0.17ms
  2026-06-19 17:46:32 /api/v1/internal/geodns/health-view .......... ~ 0.09ms
  2026-06-19 17:46:33 /api/v1/agent/resolver/config ................ ~ 0.05ms
  2026-06-19 17:46:33 /api/v1/agent/nodes/heartbeat ................ ~ 0.13ms
  2026-06-19 17:46:38 /api/v1/agent/resolver/config ................ ~ 0.48ms
  2026-06-19 17:46:38 /api/v1/agent/nodes/heartbeat ................ ~ 0.71ms
  2026-06-19 17:46:43 /api/v1/agent/resolver/config ................ ~ 0.70ms
  2026-06-19 17:46:43 /api/v1/agent/nodes/heartbeat ................ ~ 0.80ms
  2026-06-19 17:46:47 /api/v1/internal/geodns/health-view .......... ~ 0.12ms
  2026-06-19 17:46:48 /api/v1/agent/nodes/heartbeat ................ ~ 0.13ms
  2026-06-19 17:46:48 /api/v1/agent/resolver/config ................ ~ 0.33ms
  2026-06-19 17:46:53 /api/v1/agent/resolver/config ................ ~ 0.67ms
  2026-06-19 17:46:53 /api/v1/agent/nodes/heartbeat ................ ~ 0.75ms
  2026-06-19 17:46:58 /api/v1/agent/nodes/heartbeat ................ ~ 0.38ms
  2026-06-19 17:46:58 /api/v1/agent/resolver/config ................ ~ 0.66ms
  2026-06-19 17:47:02 /api/v1/internal/geodns/health-view .......... ~ 0.26ms
  2026-06-19 17:47:03 /api/v1/agent/nodes/heartbeat ................ ~ 0.09ms
  2026-06-19 17:47:03 /api/v1/agent/resolver/config ................ ~ 0.25ms
  2026-06-19 17:47:08 /api/v1/agent/resolver/config ................ ~ 0.31ms
  2026-06-19 17:47:08 /api/v1/agent/nodes/heartbeat ................ ~ 0.68ms
  2026-06-19 17:47:13 /api/v1/agent/resolver/config .............. ~ 504.54ms
  2026-06-19 17:47:13 /api/v1/agent/nodes/heartbeat .............. ~ 504.74ms
  2026-06-19 17:47:17 /api/v1/internal/geodns/health-view .......... ~ 0.09ms
  2026-06-19 17:47:18 /api/v1/agent/resolver/config .............. ~ 500.48ms
  2026-06-19 17:47:18 /api/v1/agent/nodes/heartbeat .............. ~ 500.65ms
  2026-06-19 17:47:23 /api/v1/agent/resolver/config ................ ~ 0.17ms
  2026-06-19 17:47:23 /api/v1/agent/nodes/heartbeat .............. ~ 504.37ms
  2026-06-19 17:47:28 /api/v1/agent/resolver/config ................ ~ 0.21ms
  2026-06-19 17:47:28 /api/v1/agent/nodes/heartbeat ................ ~ 0.36ms
  2026-06-19 17:47:32 /api/v1/internal/geodns/health-view .......... ~ 0.25ms
  2026-06-19 17:47:33 /api/v1/agent/resolver/config ................ ~ 0.02ms
  2026-06-19 17:47:33 /api/v1/agent/nodes/heartbeat ................ ~ 0.10ms
  2026-06-19 17:47:38 /api/v1/agent/resolver/config ................ ~ 0.06ms
  2026-06-19 17:47:38 /api/v1/agent/nodes/heartbeat ................ ~ 0.01ms
  2026-06-19 17:47:43 /api/v1/agent/nodes/heartbeat ................ ~ 0.75ms
  2026-06-19 17:47:43 /api/v1/agent/resolver/config ................ ~ 0.85ms
  2026-06-19 17:47:47 /api/v1/internal/geodns/health-view .......... ~ 0.05ms
  2026-06-19 17:47:48 /api/v1/agent/resolver/config ................ ~ 0.06ms
  2026-06-19 17:47:48 /api/v1/agent/nodes/heartbeat ................ ~ 0.15ms
  2026-06-19 17:47:53 /api/v1/agent/nodes/heartbeat ................ ~ 2.44ms
  2026-06-19 17:47:53 /api/v1/agent/resolver/config .............. ~ 507.77ms
  2026-06-19 17:47:58 /api/v1/agent/resolver/config ................ ~ 0.05ms
  2026-06-19 17:47:58 /api/v1/agent/nodes/heartbeat ................ ~ 0.14ms
  2026-06-19 17:48:02 /api/v1/internal/geodns/health-view .......... ~ 0.58ms
  2026-06-19 17:48:03 /api/v1/agent/resolver/config ................ ~ 0.16ms
  2026-06-19 17:48:03 /api/v1/agent/nodes/heartbeat ................ ~ 0.42ms
  2026-06-19 17:48:08 /api/v1/agent/resolver/config ................ ~ 0.44ms
  2026-06-19 17:48:08 /api/v1/agent/nodes/heartbeat ................ ~ 0.67ms
  2026-06-19 17:48:13 /api/v1/agent/nodes/heartbeat ................ ~ 0.09ms
  2026-06-19 17:48:13 /api/v1/agent/resolver/config ................ ~ 0.34ms
  2026-06-19 17:48:17 /api/v1/internal/geodns/health-view .......... ~ 0.43ms
  2026-06-19 17:48:18 /api/v1/agent/resolver/config ................ ~ 0.10ms
  2026-06-19 17:48:18 /api/v1/agent/nodes/heartbeat ................ ~ 0.31ms
  2026-06-19 17:48:23 /api/v1/agent/resolver/config ................ ~ 0.10ms
  2026-06-19 17:48:23 /api/v1/agent/nodes/heartbeat ................ ~ 0.28ms
  2026-06-19 17:48:28 /api/v1/agent/resolver/config .............. ~ 505.37ms
  2026-06-19 17:48:28 /api/v1/agent/nodes/heartbeat .............. ~ 505.66ms
  2026-06-19 17:48:32 /api/v1/internal/geodns/health-view .......... ~ 0.04ms
  2026-06-19 17:48:33 /api/v1/agent/nodes/heartbeat ................ ~ 0.02ms
  2026-06-19 17:48:33 /api/v1/agent/resolver/config .............. ~ 505.43ms
  2026-06-19 17:48:38 /api/v1/agent/resolver/config ................ ~ 0.65ms
  2026-06-19 17:48:38 /api/v1/agent/nodes/heartbeat ................ ~ 0.74ms
  2026-06-19 17:48:43 /api/v1/agent/nodes/heartbeat ................ ~ 0.05ms
  2026-06-19 17:48:43 /api/v1/agent/resolver/config ................ ~ 0.13ms
  2026-06-19 17:48:47 /api/v1/internal/geodns/health-view ........ ~ 504.25ms
  2026-06-19 17:48:48 /api/v1/agent/resolver/config ................ ~ 0.02ms
  2026-06-19 17:48:48 /api/v1/agent/nodes/heartbeat ................ ~ 0.08ms
  2026-06-19 17:48:53 /api/v1/agent/resolver/config ................ ~ 0.05ms
  2026-06-19 17:48:53 /api/v1/agent/nodes/heartbeat ................ ~ 0.14ms
  2026-06-19 17:48:58 /api/v1/agent/resolver/config ................ ~ 0.12ms
  2026-06-19 17:48:58 /api/v1/agent/nodes/heartbeat ................ ~ 0.22ms
  2026-06-19 17:49:02 /api/v1/internal/geodns/health-view .......... ~ 0.04ms
  2026-06-19 17:49:03 /api/v1/agent/resolver/config ................ ~ 0.12ms
  2026-06-19 17:49:03 /api/v1/agent/nodes/heartbeat ................ ~ 0.37ms
  2026-06-19 17:49:08 /api/v1/agent/nodes/heartbeat ................ ~ 0.40ms
  2026-06-19 17:49:08 /api/v1/agent/resolver/config ................ ~ 0.54ms
  2026-06-19 17:49:13 /api/v1/agent/resolver/config ................ ~ 0.06ms
  2026-06-19 17:49:13 /api/v1/agent/nodes/heartbeat ................ ~ 0.15ms
  2026-06-19 17:49:17 /api/v1/internal/geodns/health-view .......... ~ 0.34ms
  2026-06-19 17:49:18 /api/v1/agent/resolver/config ................ ~ 0.16ms
  2026-06-19 17:49:18 /api/v1/agent/nodes/heartbeat ................ ~ 0.65ms
  2026-06-19 17:49:23 /api/v1/agent/nodes/heartbeat ................ ~ 1.32ms
  2026-06-19 17:49:23 /api/v1/agent/resolver/config ................ ~ 1.53ms
  2026-06-19 17:49:28 /api/v1/agent/nodes/heartbeat ................ ~ 0.21ms
  2026-06-19 17:49:28 /api/v1/agent/resolver/config ................ ~ 0.43ms
  2026-06-19 17:49:32 /api/v1/internal/geodns/health-view .......... ~ 0.13ms
  2026-06-19 17:49:33 /api/v1/agent/resolver/config ................ ~ 0.13ms
  2026-06-19 17:49:33 /api/v1/agent/nodes/heartbeat ................ ~ 0.33ms
  2026-06-19 17:49:38 /api/v1/agent/resolver/config ................ ~ 0.35ms
  2026-06-19 17:49:38 /api/v1/agent/nodes/heartbeat ................ ~ 0.59ms
  2026-06-19 17:49:43 /api/v1/agent/resolver/config .............. ~ 505.20ms
  2026-06-19 17:49:43 /api/v1/agent/nodes/heartbeat .............. ~ 505.37ms
  2026-06-19 17:49:47 /api/v1/internal/geodns/health-view .......... ~ 0.05ms
  2026-06-19 17:49:48 /api/v1/agent/nodes/heartbeat .............. ~ 500.58ms
  2026-06-19 17:49:48 /api/v1/agent/resolver/config .............. ~ 501.05ms
  2026-06-19 17:49:53 /api/v1/agent/resolver/config ................ ~ 0.06ms
  2026-06-19 17:49:53 /api/v1/agent/nodes/heartbeat .............. ~ 502.23ms
  2026-06-19 17:49:58 /api/v1/agent/resolver/config ................ ~ 0.44ms
  2026-06-19 17:49:58 /api/v1/agent/nodes/heartbeat ................ ~ 0.55ms
  2026-06-19 17:50:02 /api/v1/internal/geodns/health-view .......... ~ 0.07ms
  2026-06-19 17:50:03 /api/v1/agent/nodes/heartbeat ................ ~ 0.01ms
  2026-06-19 17:50:03 /api/v1/agent/resolver/config ................ ~ 0.01ms
  2026-06-19 17:50:08 /api/v1/agent/resolver/config ................ ~ 0.06ms
  2026-06-19 17:50:08 /api/v1/agent/nodes/heartbeat ................ ~ 0.15ms
  2026-06-19 17:50:13 /api/v1/agent/resolver/config ................ ~ 0.39ms
  2026-06-19 17:50:13 /api/v1/agent/nodes/heartbeat ................ ~ 0.56ms
  2026-06-19 17:50:17 /api/v1/internal/geodns/health-view .......... ~ 0.06ms
  2026-06-19 17:50:18 /api/v1/agent/resolver/config ................ ~ 0.04ms
  2026-06-19 17:50:18 /api/v1/agent/nodes/heartbeat ................ ~ 0.13ms
  2026-06-19 17:50:23 /api/v1/agent/nodes/heartbeat ................ ~ 0.47ms
  2026-06-19 17:50:23 /api/v1/agent/resolver/config ................ ~ 0.87ms
  2026-06-19 17:50:28 /api/v1/agent/nodes/heartbeat ................ ~ 0.06ms
  2026-06-19 17:50:28 /api/v1/agent/resolver/config ................ ~ 0.15ms
  2026-06-19 17:50:32 /api/v1/internal/geodns/health-view .......... ~ 0.25ms
  2026-06-19 17:50:33 /api/v1/agent/resolver/config ................ ~ 0.06ms
  2026-06-19 17:50:33 /api/v1/agent/nodes/heartbeat ................ ~ 0.15ms
  2026-06-19 17:50:38 /api/v1/agent/resolver/config ................ ~ 0.05ms
  2026-06-19 17:50:38 /api/v1/agent/nodes/heartbeat ................ ~ 0.13ms
  2026-06-19 17:50:43 /api/v1/agent/resolver/config ................ ~ 0.21ms
  2026-06-19 17:50:43 /api/v1/agent/nodes/heartbeat ................ ~ 0.50ms
  2026-06-19 17:50:47 /api/v1/internal/geodns/health-view .......... ~ 0.05ms
  2026-06-19 17:50:48 /api/v1/agent/nodes/heartbeat ................ ~ 0.05ms
  2026-06-19 17:50:48 /api/v1/agent/resolver/config ................ ~ 0.13ms
  2026-06-19 17:50:53 /api/v1/agent/resolver/config ................ ~ 1.88ms
  2026-06-19 17:50:53 /api/v1/agent/nodes/heartbeat ................ ~ 2.37ms
  2026-06-19 17:50:58 /api/v1/agent/resolver/config .............. ~ 503.56ms
  2026-06-19 17:50:58 /api/v1/agent/nodes/heartbeat .............. ~ 503.64ms
  2026-06-19 17:51:02 /api/v1/internal/geodns/health-view .......... ~ 0.28ms
  2026-06-19 17:51:03 /api/v1/agent/nodes/heartbeat .............. ~ 504.56ms
  2026-06-19 17:51:03 /api/v1/agent/resolver/config .............. ~ 504.70ms
  2026-06-19 17:51:08 /api/v1/agent/nodes/heartbeat .............. ~ 503.48ms
  2026-06-19 17:51:08 /api/v1/agent/resolver/config .............. ~ 503.57ms
  2026-06-19 17:51:13 /api/v1/agent/resolver/config ................ ~ 0.41ms
  2026-06-19 17:51:13 /api/v1/agent/nodes/heartbeat .............. ~ 504.89ms
  2026-06-19 17:51:17 /api/v1/internal/geodns/health-view .......... ~ 0.11ms
  2026-06-19 17:51:18 /api/v1/agent/resolver/config ................ ~ 0.02ms
  2026-06-19 17:51:18 /api/v1/agent/nodes/heartbeat ................ ~ 0.08ms
  2026-06-19 17:51:23 /api/v1/agent/resolver/config ................ ~ 0.29ms
  2026-06-19 17:51:23 /api/v1/agent/nodes/heartbeat ................ ~ 0.40ms
  2026-06-19 17:51:28 /api/v1/agent/resolver/config ................ ~ 0.07ms
  2026-06-19 17:51:28 /api/v1/agent/nodes/heartbeat ................ ~ 0.15ms
  2026-06-19 17:51:32 /api/v1/internal/geodns/health-view .......... ~ 0.04ms
  2026-06-19 17:51:33 /api/v1/agent/resolver/config ................ ~ 0.17ms
  2026-06-19 17:51:33 /api/v1/agent/nodes/heartbeat ................ ~ 0.53ms
  2026-06-19 17:51:38 /api/v1/agent/nodes/heartbeat ................ ~ 0.74ms
  2026-06-19 17:51:38 /api/v1/agent/resolver/config ................ ~ 0.83ms
  2026-06-19 17:51:43 /api/v1/agent/resolver/config ................ ~ 0.06ms
  2026-06-19 17:51:43 /api/v1/agent/nodes/heartbeat ................ ~ 0.15ms
  2026-06-19 17:51:47 /api/v1/internal/geodns/health-view .......... ~ 0.80ms
  2026-06-19 17:51:48 /api/v1/agent/nodes/heartbeat ................ ~ 0.05ms
  2026-06-19 17:51:48 /api/v1/agent/resolver/config ................ ~ 0.13ms
  2026-06-19 17:51:53 /api/v1/agent/nodes/heartbeat ................ ~ 0.12ms
  2026-06-19 17:51:53 /api/v1/agent/resolver/config ................ ~ 0.21ms
  2026-06-19 17:51:58 /api/v1/agent/resolver/config ................ ~ 0.09ms
  2026-06-19 17:51:58 /api/v1/agent/nodes/heartbeat ................ ~ 0.30ms
  2026-06-19 17:52:02 /api/v1/internal/geodns/health-view .......... ~ 0.15ms
  2026-06-19 17:52:03 /api/v1/agent/nodes/heartbeat ................ ~ 0.11ms
  2026-06-19 17:52:03 /api/v1/agent/resolver/config ................ ~ 0.23ms
  2026-06-19 17:52:08 /api/v1/agent/resolver/config ................ ~ 0.15ms
  2026-06-19 17:52:08 /api/v1/agent/nodes/heartbeat ................ ~ 0.01ms
  2026-06-19 17:52:13 /api/v1/agent/nodes/heartbeat .............. ~ 505.15ms
  2026-06-19 17:52:13 /api/v1/agent/resolver/config .............. ~ 505.23ms
  2026-06-19 17:52:17 /api/v1/internal/geodns/health-view .......... ~ 0.76ms
  2026-06-19 17:52:18 /api/v1/agent/nodes/heartbeat ................ ~ 0.02ms
  2026-06-19 17:52:18 /api/v1/agent/resolver/config .............. ~ 505.52ms
  2026-06-19 17:52:23 /api/v1/agent/nodes/heartbeat ................ ~ 0.06ms
  2026-06-19 17:52:23 /api/v1/agent/resolver/config .............. ~ 503.11ms
  2026-06-19 17:52:28 /api/v1/agent/resolver/config ................ ~ 0.05ms
  2026-06-19 17:52:28 /api/v1/agent/nodes/heartbeat ................ ~ 0.13ms
  2026-06-19 17:52:32 /api/v1/internal/geodns/health-view ........ ~ 504.55ms
  2026-06-19 17:52:33 /api/v1/agent/nodes/heartbeat ................ ~ 0.02ms
  2026-06-19 17:52:33 /api/v1/agent/resolver/config ................ ~ 0.08ms
  2026-06-19 17:52:38 /api/v1/agent/nodes/heartbeat ................ ~ 0.22ms
  2026-06-19 17:52:38 /api/v1/agent/resolver/config .............. ~ 502.31ms
  2026-06-19 17:52:43 /api/v1/agent/nodes/heartbeat ................ ~ 0.06ms
  2026-06-19 17:52:43 /api/v1/agent/resolver/config ................ ~ 0.14ms
  2026-06-19 17:52:47 /api/v1/internal/geodns/health-view .......... ~ 0.20ms
  2026-06-19 17:52:48 /api/v1/agent/nodes/heartbeat ................ ~ 0.07ms
  2026-06-19 17:52:48 /api/v1/agent/resolver/config ................ ~ 0.15ms
  2026-06-19 17:52:53 /api/v1/agent/resolver/config ................ ~ 0.11ms
  2026-06-19 17:52:53 /api/v1/agent/nodes/heartbeat ................ ~ 0.31ms
  2026-06-19 17:52:58 /api/v1/agent/resolver/config ................ ~ 0.42ms
  2026-06-19 17:52:58 /api/v1/agent/nodes/heartbeat ................ ~ 0.58ms
  2026-06-19 17:53:02 /api/v1/internal/geodns/health-view .......... ~ 0.12ms
  2026-06-19 17:53:03 /api/v1/agent/nodes/heartbeat ................ ~ 0.05ms
  2026-06-19 17:53:03 /api/v1/agent/resolver/config ................ ~ 0.13ms
  2026-06-19 17:53:08 /api/v1/agent/nodes/heartbeat ................ ~ 0.70ms
  2026-06-19 17:53:08 /api/v1/agent/resolver/config ................ ~ 0.78ms
  2026-06-19 17:53:13 /api/v1/agent/nodes/heartbeat ................ ~ 0.23ms
  2026-06-19 17:53:13 /api/v1/agent/resolver/config ................ ~ 0.71ms
  2026-06-19 17:53:17 /api/v1/internal/geodns/health-view .......... ~ 0.50ms
  2026-06-19 17:53:18 /api/v1/agent/nodes/heartbeat ................ ~ 0.09ms
  2026-06-19 17:53:18 /api/v1/agent/resolver/config ................ ~ 0.31ms
  2026-06-19 17:53:23 /api/v1/agent/nodes/heartbeat ................ ~ 0.10ms
  2026-06-19 17:53:23 /api/v1/agent/resolver/config ................ ~ 0.33ms
  2026-06-19 17:53:28 /api/v1/agent/nodes/heartbeat ................ ~ 0.52ms
  2026-06-19 17:53:28 /api/v1/agent/resolver/config ................ ~ 0.98ms
  2026-06-19 17:53:32 /api/v1/internal/geodns/health-view .......... ~ 0.05ms
  2026-06-19 17:53:33 /api/v1/agent/resolver/config .............. ~ 500.98ms
  2026-06-19 17:53:33 /api/v1/agent/nodes/heartbeat .............. ~ 501.11ms
  2026-06-19 17:53:38 /api/v1/agent/resolver/config ................ ~ 0.16ms
  2026-06-19 17:53:38 /api/v1/agent/nodes/heartbeat .............. ~ 505.37ms
  2026-06-19 17:53:43 /api/v1/agent/resolver/config ................ ~ 0.05ms
  2026-06-19 17:53:43 /api/v1/agent/nodes/heartbeat ................ ~ 0.14ms
  2026-06-19 17:53:47 /api/v1/internal/geodns/health-view .......... ~ 0.68ms
  2026-06-19 17:53:48 /api/v1/agent/nodes/heartbeat ................ ~ 0.02ms
  2026-06-19 17:53:48 /api/v1/agent/resolver/config ................ ~ 0.08ms
  2026-06-19 17:53:53 /api/v1/agent/resolver/config ................ ~ 0.07ms
  2026-06-19 17:53:53 /api/v1/agent/nodes/heartbeat ................ ~ 0.15ms
  2026-06-19 17:53:58 /api/v1/agent/resolver/config ................ ~ 0.29ms
  2026-06-19 17:53:58 /api/v1/agent/nodes/heartbeat ................ ~ 0.38ms
  2026-06-19 17:54:02 /api/v1/internal/geodns/health-view .......... ~ 0.06ms
  2026-06-19 17:54:03 /api/v1/agent/nodes/heartbeat ................ ~ 0.06ms
  2026-06-19 17:54:03 /api/v1/agent/resolver/config ................ ~ 0.15ms
  2026-06-19 17:54:08 /api/v1/agent/resolver/config ................ ~ 0.33ms
  2026-06-19 17:54:08 /api/v1/agent/nodes/heartbeat ................ ~ 0.41ms
  2026-06-19 17:54:13 /api/v1/agent/nodes/heartbeat ................ ~ 0.18ms
  2026-06-19 17:54:13 /api/v1/agent/resolver/config ................ ~ 0.40ms
  2026-06-19 17:54:17 /api/v1/internal/geodns/health-view .......... ~ 0.30ms
  2026-06-19 17:54:18 /api/v1/agent/nodes/heartbeat ................ ~ 0.09ms
  2026-06-19 17:54:18 /api/v1/agent/resolver/config ................ ~ 0.27ms
  2026-06-19 17:54:23 /api/v1/agent/resolver/config ................ ~ 0.11ms
  2026-06-19 17:54:23 /api/v1/agent/nodes/heartbeat ................ ~ 0.39ms
  2026-06-19 17:54:28 /api/v1/agent/resolver/config ................ ~ 0.35ms
  2026-06-19 17:54:28 /api/v1/agent/nodes/heartbeat ................ ~ 0.55ms
  2026-06-19 17:54:32 /api/v1/internal/geodns/health-view .......... ~ 0.11ms
  2026-06-19 17:54:33 /api/v1/agent/nodes/heartbeat ................ ~ 0.06ms
  2026-06-19 17:54:33 /api/v1/agent/resolver/config ................ ~ 0.14ms
  2026-06-19 17:54:38 /api/v1/agent/resolver/config ................ ~ 0.38ms
  2026-06-19 17:54:38 /api/v1/agent/nodes/heartbeat ................ ~ 0.62ms
  2026-06-19 17:54:43 /api/v1/agent/resolver/config ................ ~ 0.12ms
  2026-06-19 17:54:43 /api/v1/agent/nodes/heartbeat ................ ~ 0.32ms
  2026-06-19 17:54:47 /api/v1/internal/geodns/health-view .......... ~ 0.73ms
  2026-06-19 17:54:48 /api/v1/agent/resolver/config .............. ~ 500.70ms
  2026-06-19 17:54:48 /api/v1/agent/nodes/heartbeat .............. ~ 500.90ms
  2026-06-19 17:54:53 /api/v1/agent/resolver/config ................ ~ 0.05ms
  2026-06-19 17:54:53 /api/v1/agent/nodes/heartbeat .............. ~ 505.32ms
  2026-06-19 17:54:58 /api/v1/agent/nodes/heartbeat ................ ~ 0.29ms
  2026-06-19 17:54:58 /api/v1/agent/resolver/config ................ ~ 0.37ms
  2026-06-19 17:55:02 /api/v1/internal/geodns/health-view .......... ~ 0.05ms
  2026-06-19 17:55:03 /api/v1/agent/nodes/heartbeat ................ ~ 0.01ms
  2026-06-19 17:55:03 /api/v1/agent/resolver/config ................ ~ 0.09ms
  2026-06-19 17:55:08 /api/v1/agent/resolver/config ................ ~ 0.29ms
  2026-06-19 17:55:08 /api/v1/agent/nodes/heartbeat ................ ~ 0.41ms
  2026-06-19 17:55:13 /api/v1/agent/resolver/config ................ ~ 0.07ms
  2026-06-19 17:55:13 /api/v1/agent/nodes/heartbeat ................ ~ 0.17ms
  2026-06-19 17:55:17 /api/v1/internal/geodns/health-view .......... ~ 0.20ms
  2026-06-19 17:55:18 /api/v1/agent/resolver/config ................ ~ 0.05ms
  2026-06-19 17:55:18 /api/v1/agent/nodes/heartbeat ................ ~ 0.13ms
  2026-06-19 17:55:23 /api/v1/agent/resolver/config ................ ~ 0.06ms
  2026-06-19 17:55:23 /api/v1/agent/nodes/heartbeat ................ ~ 0.14ms
  2026-06-19 17:55:28 /api/v1/agent/nodes/heartbeat ................ ~ 0.21ms
  2026-06-19 17:55:28 /api/v1/agent/resolver/config ................ ~ 0.29ms
  2026-06-19 17:55:32 /api/v1/internal/geodns/health-view .......... ~ 0.10ms
  2026-06-19 17:55:33 /api/v1/agent/nodes/heartbeat ................ ~ 0.09ms
  2026-06-19 17:55:33 /api/v1/agent/resolver/config ................ ~ 0.30ms
  2026-06-19 17:55:38 /api/v1/agent/resolver/config ................ ~ 0.34ms
  2026-06-19 17:55:38 /api/v1/agent/nodes/heartbeat ................ ~ 0.55ms
  2026-06-19 17:55:43 /api/v1/agent/nodes/heartbeat ................ ~ 0.10ms
  2026-06-19 17:55:43 /api/v1/agent/resolver/config ................ ~ 0.30ms
  2026-06-19 17:55:47 /api/v1/internal/geodns/health-view .......... ~ 0.71ms
  2026-06-19 17:55:48 /api/v1/agent/resolver/config ................ ~ 0.06ms
  2026-06-19 17:55:48 /api/v1/agent/nodes/heartbeat ................ ~ 0.13ms
  2026-06-19 17:55:53 /api/v1/agent/nodes/heartbeat ................ ~ 0.10ms
  2026-06-19 17:55:53 /api/v1/agent/resolver/config ................ ~ 0.19ms
  2026-06-19 17:55:58 /api/v1/agent/resolver/config ................ ~ 0.32ms
  2026-06-19 17:55:58 /api/v1/agent/nodes/heartbeat ................ ~ 0.60ms
  2026-06-19 17:56:02 /api/v1/internal/geodns/health-view .......... ~ 0.71ms
  2026-06-19 17:56:03 /api/v1/agent/nodes/heartbeat ................ ~ 0.09ms
  2026-06-19 17:56:03 /api/v1/agent/resolver/config ................ ~ 0.27ms
  2026-06-19 17:56:08 /api/v1/agent/nodes/heartbeat .............. ~ 502.03ms
  2026-06-19 17:56:08 /api/v1/agent/resolver/config .............. ~ 502.12ms
  2026-06-19 17:56:13 /api/v1/agent/resolver/config ................ ~ 0.70ms
  2026-06-19 17:56:13 /api/v1/agent/nodes/heartbeat .............. ~ 501.64ms
  2026-06-19 17:56:17 /api/v1/internal/geodns/health-view .......... ~ 0.05ms
  2026-06-19 17:56:18 /api/v1/agent/nodes/heartbeat ................ ~ 0.02ms
  2026-06-19 17:56:18 /api/v1/agent/resolver/config .............. ~ 502.88ms
  2026-06-19 17:56:23 /api/v1/agent/nodes/heartbeat ................ ~ 0.19ms
  2026-06-19 17:56:23 /api/v1/agent/resolver/config ................ ~ 0.28ms
  2026-06-19 17:56:28 /api/v1/agent/nodes/heartbeat ................ ~ 0.19ms
  2026-06-19 17:56:28 /api/v1/agent/resolver/config ................ ~ 0.32ms
  2026-06-19 17:56:32 /api/v1/internal/geodns/health-view ........ ~ 501.85ms
  2026-06-19 17:56:33 /api/v1/agent/resolver/config ................ ~ 0.01ms
  2026-06-19 17:56:33 /api/v1/agent/nodes/heartbeat ................ ~ 0.08ms
  2026-06-19 17:56:38 /api/v1/agent/nodes/heartbeat ................ ~ 0.49ms
  2026-06-19 17:56:38 /api/v1/agent/resolver/config ................ ~ 0.80ms
